{"C:\\Users\\mr_la\\WatchFace Builder\\lib\\build.js": {"path":"C:\\Users\\mr_la\\WatchFace Builder\\lib\\build.js","statementMap":{"0":{"start":{"line":4,"column":11},"end":{"line":4,"column":24}},"1":{"start":{"line":5,"column":13},"end":{"line":5,"column":28}},"2":{"start":{"line":6,"column":21},"end":{"line":6,"column":45}},"3":{"start":{"line":8,"column":29},"end":{"line":8,"column":66}},"4":{"start":{"line":9,"column":39},"end":{"line":9,"column":58}},"5":{"start":{"line":10,"column":50},"end":{"line":10,"column":73}},"6":{"start":{"line":11,"column":24},"end":{"line":11,"column":43}},"7":{"start":{"line":12,"column":33},"end":{"line":12,"column":56}},"8":{"start":{"line":25,"column":2},"end":{"line":27,"column":3}},"9":{"start":{"line":26,"column":4},"end":{"line":26,"column":56}},"10":{"start":{"line":29,"column":27},"end":{"line":29,"column":62}},"11":{"start":{"line":30,"column":2},"end":{"line":30,"column":80}},"12":{"start":{"line":33,"column":2},"end":{"line":33,"column":84}},"13":{"start":{"line":35,"column":2},"end":{"line":41,"column":3}},"14":{"start":{"line":36,"column":4},"end":{"line":36,"column":37}},"15":{"start":{"line":37,"column":4},"end":{"line":37,"column":31}},"16":{"start":{"line":39,"column":4},"end":{"line":39,"column":75}},"17":{"start":{"line":40,"column":4},"end":{"line":40,"column":104}},"18":{"start":{"line":44,"column":2},"end":{"line":55,"column":3}},"19":{"start":{"line":46,"column":4},"end":{"line":46,"column":56}},"20":{"start":{"line":49,"column":23},"end":{"line":49,"column":62}},"21":{"start":{"line":50,"column":4},"end":{"line":50,"column":60}},"22":{"start":{"line":51,"column":4},"end":{"line":51,"column":65}},"23":{"start":{"line":53,"column":4},"end":{"line":53,"column":74}},"24":{"start":{"line":54,"column":4},"end":{"line":54,"column":103}},"25":{"start":{"line":58,"column":2},"end":{"line":67,"column":3}},"26":{"start":{"line":59,"column":4},"end":{"line":59,"column":63}},"27":{"start":{"line":60,"column":4},"end":{"line":66,"column":6}},"28":{"start":{"line":69,"column":2},"end":{"line":78,"column":3}},"29":{"start":{"line":70,"column":4},"end":{"line":70,"column":61}},"30":{"start":{"line":71,"column":4},"end":{"line":77,"column":6}},"31":{"start":{"line":81,"column":18},"end":{"line":81,"column":42}},"32":{"start":{"line":82,"column":17},"end":{"line":82,"column":69}},"33":{"start":{"line":83,"column":17},"end":{"line":83,"column":61}},"34":{"start":{"line":85,"column":2},"end":{"line":85,"column":61}},"35":{"start":{"line":88,"column":20},"end":{"line":88,"column":48}},"36":{"start":{"line":89,"column":14},"end":{"line":89,"column":49}},"37":{"start":{"line":90,"column":15},"end":{"line":92,"column":83}},"38":{"start":{"line":94,"column":2},"end":{"line":157,"column":5}},"39":{"start":{"line":95,"column":4},"end":{"line":156,"column":7}},"40":{"start":{"line":96,"column":18},"end":{"line":96,"column":68}},"41":{"start":{"line":98,"column":6},"end":{"line":133,"column":7}},"42":{"start":{"line":102,"column":8},"end":{"line":130,"column":9}},"43":{"start":{"line":104,"column":10},"end":{"line":104,"column":149}},"44":{"start":{"line":105,"column":10},"end":{"line":105,"column":80}},"45":{"start":{"line":106,"column":15},"end":{"line":130,"column":9}},"46":{"start":{"line":108,"column":10},"end":{"line":108,"column":120}},"47":{"start":{"line":109,"column":10},"end":{"line":109,"column":80}},"48":{"start":{"line":110,"column":15},"end":{"line":130,"column":9}},"49":{"start":{"line":112,"column":10},"end":{"line":112,"column":132}},"50":{"start":{"line":113,"column":10},"end":{"line":113,"column":77}},"51":{"start":{"line":114,"column":15},"end":{"line":130,"column":9}},"52":{"start":{"line":116,"column":10},"end":{"line":116,"column":114}},"53":{"start":{"line":117,"column":10},"end":{"line":117,"column":71}},"54":{"start":{"line":118,"column":15},"end":{"line":130,"column":9}},"55":{"start":{"line":120,"column":10},"end":{"line":120,"column":114}},"56":{"start":{"line":121,"column":10},"end":{"line":121,"column":67}},"57":{"start":{"line":122,"column":15},"end":{"line":130,"column":9}},"58":{"start":{"line":124,"column":10},"end":{"line":124,"column":49}},"59":{"start":{"line":125,"column":10},"end":{"line":125,"column":70}},"60":{"start":{"line":128,"column":10},"end":{"line":128,"column":62}},"61":{"start":{"line":129,"column":10},"end":{"line":129,"column":120}},"62":{"start":{"line":132,"column":8},"end":{"line":132,"column":110}},"63":{"start":{"line":136,"column":25},"end":{"line":136,"column":67}},"64":{"start":{"line":137,"column":24},"end":{"line":137,"column":71}},"65":{"start":{"line":138,"column":6},"end":{"line":145,"column":7}},"66":{"start":{"line":139,"column":8},"end":{"line":139,"column":88}},"67":{"start":{"line":140,"column":8},"end":{"line":140,"column":45}},"68":{"start":{"line":141,"column":8},"end":{"line":141,"column":77}},"69":{"start":{"line":143,"column":8},"end":{"line":143,"column":50}},"70":{"start":{"line":143,"column":14},"end":{"line":143,"column":39}},"71":{"start":{"line":144,"column":8},"end":{"line":144,"column":84}},"72":{"start":{"line":147,"column":6},"end":{"line":147,"column":87}},"73":{"start":{"line":148,"column":6},"end":{"line":155,"column":9}},"74":{"start":{"line":160,"column":0},"end":{"line":160,"column":34}}},"fnMap":{"0":{"name":"buildProject","decl":{"start":{"line":23,"column":15},"end":{"line":23,"column":27}},"loc":{"start":{"line":23,"column":74},"end":{"line":158,"column":1}},"line":23},"1":{"name":"(anonymous_1)","decl":{"start":{"line":94,"column":21},"end":{"line":94,"column":22}},"loc":{"start":{"line":94,"column":34},"end":{"line":157,"column":3}},"line":94},"2":{"name":"(anonymous_2)","decl":{"start":{"line":95,"column":55},"end":{"line":95,"column":56}},"loc":{"start":{"line":95,"column":80},"end":{"line":156,"column":5}},"line":95}},"branchMap":{"0":{"loc":{"start":{"line":23,"column":56},"end":{"line":23,"column":72}},"type":"default-arg","locations":[{"start":{"line":23,"column":68},"end":{"line":23,"column":72}}],"line":23},"1":{"loc":{"start":{"line":25,"column":2},"end":{"line":27,"column":3}},"type":"if","locations":[{"start":{"line":25,"column":2},"end":{"line":27,"column":3}},{"start":{},"end":{}}],"line":25},"2":{"loc":{"start":{"line":58,"column":2},"end":{"line":67,"column":3}},"type":"if","locations":[{"start":{"line":58,"column":2},"end":{"line":67,"column":3}},{"start":{},"end":{}}],"line":58},"3":{"loc":{"start":{"line":69,"column":2},"end":{"line":78,"column":3}},"type":"if","locations":[{"start":{"line":69,"column":2},"end":{"line":78,"column":3}},{"start":{},"end":{}}],"line":69},"4":{"loc":{"start":{"line":89,"column":14},"end":{"line":89,"column":49}},"type":"cond-expr","locations":[{"start":{"line":89,"column":26},"end":{"line":89,"column":35}},{"start":{"line":89,"column":38},"end":{"line":89,"column":49}}],"line":89},"5":{"loc":{"start":{"line":90,"column":15},"end":{"line":92,"column":83}},"type":"cond-expr","locations":[{"start":{"line":91,"column":6},"end":{"line":91,"column":102}},{"start":{"line":92,"column":6},"end":{"line":92,"column":83}}],"line":90},"6":{"loc":{"start":{"line":98,"column":6},"end":{"line":133,"column":7}},"type":"if","locations":[{"start":{"line":98,"column":6},"end":{"line":133,"column":7}},{"start":{},"end":{}}],"line":98},"7":{"loc":{"start":{"line":102,"column":8},"end":{"line":130,"column":9}},"type":"if","locations":[{"start":{"line":102,"column":8},"end":{"line":130,"column":9}},{"start":{"line":106,"column":15},"end":{"line":130,"column":9}}],"line":102},"8":{"loc":{"start":{"line":106,"column":15},"end":{"line":130,"column":9}},"type":"if","locations":[{"start":{"line":106,"column":15},"end":{"line":130,"column":9}},{"start":{"line":110,"column":15},"end":{"line":130,"column":9}}],"line":106},"9":{"loc":{"start":{"line":110,"column":15},"end":{"line":130,"column":9}},"type":"if","locations":[{"start":{"line":110,"column":15},"end":{"line":130,"column":9}},{"start":{"line":114,"column":15},"end":{"line":130,"column":9}}],"line":110},"10":{"loc":{"start":{"line":114,"column":15},"end":{"line":130,"column":9}},"type":"if","locations":[{"start":{"line":114,"column":15},"end":{"line":130,"column":9}},{"start":{"line":118,"column":15},"end":{"line":130,"column":9}}],"line":114},"11":{"loc":{"start":{"line":114,"column":19},"end":{"line":114,"column":71}},"type":"binary-expr","locations":[{"start":{"line":114,"column":19},"end":{"line":114,"column":43}},{"start":{"line":114,"column":47},"end":{"line":114,"column":71}}],"line":114},"12":{"loc":{"start":{"line":118,"column":15},"end":{"line":130,"column":9}},"type":"if","locations":[{"start":{"line":118,"column":15},"end":{"line":130,"column":9}},{"start":{"line":122,"column":15},"end":{"line":130,"column":9}}],"line":118},"13":{"loc":{"start":{"line":122,"column":15},"end":{"line":130,"column":9}},"type":"if","locations":[{"start":{"line":122,"column":15},"end":{"line":130,"column":9}},{"start":{"line":126,"column":15},"end":{"line":130,"column":9}}],"line":122}},"s":{"0":2,"1":2,"2":2,"3":2,"4":2,"5":2,"6":2,"7":2,"8":5,"9":5,"10":5,"11":5,"12":5,"13":5,"14":5,"15":4,"16":2,"17":2,"18":3,"19":3,"20":3,"21":3,"22":3,"23":0,"24":0,"25":3,"26":2,"27":2,"28":1,"29":1,"30":1,"31":0,"32":0,"33":0,"34":0,"35":0,"36":0,"37":0,"38":0,"39":0,"40":0,"41":0,"42":0,"43":0,"44":0,"45":0,"46":0,"47":0,"48":0,"49":0,"50":0,"51":0,"52":0,"53":0,"54":0,"55":0,"56":0,"57":0,"58":0,"59":0,"60":0,"61":0,"62":0,"63":0,"64":0,"65":0,"66":0,"67":0,"68":0,"69":0,"70":0,"71":0,"72":0,"73":0,"74":2},"f":{"0":5,"1":0,"2":0},"b":{"0":[5],"1":[5,0],"2":[2,1],"3":[1,0],"4":[0,0],"5":[0,0],"6":[0,0],"7":[0,0],"8":[0,0],"9":[0,0],"10":[0,0],"11":[0,0],"12":[0,0],"13":[0,0]},"_coverageSchema":"1a1c01bbd47fc00a2c39e90264f33305004495a9","hash":"cdaa662cb7991efc9ad732610037803eb4dd5ade"}
,"C:\\Users\\mr_la\\WatchFace Builder\\lib\\config.js": {"path":"C:\\Users\\mr_la\\WatchFace Builder\\lib\\config.js","statementMap":{"0":{"start":{"line":4,"column":11},"end":{"line":4,"column":24}},"1":{"start":{"line":5,"column":13},"end":{"line":5,"column":28}},"2":{"start":{"line":6,"column":11},"end":{"line":6,"column":24}},"3":{"start":{"line":16,"column":2},"end":{"line":32,"column":3}},"4":{"start":{"line":17,"column":4},"end":{"line":17,"column":46}},"5":{"start":{"line":17,"column":34},"end":{"line":17,"column":46}},"6":{"start":{"line":19,"column":17},"end":{"line":19,"column":41}},"7":{"start":{"line":20,"column":20},"end":{"line":22,"column":41}},"8":{"start":{"line":21,"column":19},"end":{"line":21,"column":49}},"9":{"start":{"line":22,"column":22},"end":{"line":22,"column":40}},"10":{"start":{"line":24,"column":4},"end":{"line":24,"column":42}},"11":{"start":{"line":24,"column":30},"end":{"line":24,"column":42}},"12":{"start":{"line":26,"column":22},"end":{"line":26,"column":60}},"13":{"start":{"line":27,"column":4},"end":{"line":29,"column":5}},"14":{"start":{"line":28,"column":6},"end":{"line":28,"column":23}},"15":{"start":{"line":33,"column":2},"end":{"line":33,"column":14}},"16":{"start":{"line":44,"column":19},"end":{"line":44,"column":35}},"17":{"start":{"line":45,"column":17},"end":{"line":45,"column":19}},"18":{"start":{"line":47,"column":2},"end":{"line":67,"column":3}},"19":{"start":{"line":49,"column":4},"end":{"line":49,"column":83}},"20":{"start":{"line":50,"column":9},"end":{"line":67,"column":3}},"21":{"start":{"line":52,"column":4},"end":{"line":52,"column":104}},"22":{"start":{"line":55,"column":4},"end":{"line":55,"column":89}},"23":{"start":{"line":58,"column":18},"end":{"line":58,"column":44}},"24":{"start":{"line":59,"column":4},"end":{"line":59,"column":28}},"25":{"start":{"line":59,"column":15},"end":{"line":59,"column":28}},"26":{"start":{"line":62,"column":4},"end":{"line":64,"column":5}},"27":{"start":{"line":63,"column":6},"end":{"line":63,"column":45}},"28":{"start":{"line":66,"column":4},"end":{"line":66,"column":20}},"29":{"start":{"line":70,"column":16},"end":{"line":70,"column":42}},"30":{"start":{"line":71,"column":2},"end":{"line":71,"column":27}},"31":{"start":{"line":81,"column":2},"end":{"line":81,"column":65}},"32":{"start":{"line":91,"column":19},"end":{"line":91,"column":35}},"33":{"start":{"line":93,"column":2},"end":{"line":99,"column":3}},"34":{"start":{"line":95,"column":4},"end":{"line":95,"column":80}},"35":{"start":{"line":98,"column":4},"end":{"line":98,"column":86}},"36":{"start":{"line":108,"column":19},"end":{"line":108,"column":35}},"37":{"start":{"line":110,"column":2},"end":{"line":116,"column":3}},"38":{"start":{"line":112,"column":4},"end":{"line":112,"column":68}},"39":{"start":{"line":115,"column":4},"end":{"line":115,"column":48}},"40":{"start":{"line":133,"column":18},"end":{"line":155,"column":3}},"41":{"start":{"line":135,"column":4},"end":{"line":137,"column":5}},"42":{"start":{"line":136,"column":6},"end":{"line":136,"column":28}},"43":{"start":{"line":140,"column":21},"end":{"line":140,"column":40}},"44":{"start":{"line":141,"column":4},"end":{"line":143,"column":5}},"45":{"start":{"line":142,"column":6},"end":{"line":142,"column":22}},"46":{"start":{"line":146,"column":4},"end":{"line":151,"column":5}},"47":{"start":{"line":147,"column":23},"end":{"line":147,"column":35}},"48":{"start":{"line":148,"column":6},"end":{"line":150,"column":7}},"49":{"start":{"line":149,"column":8},"end":{"line":149,"column":24}},"50":{"start":{"line":154,"column":4},"end":{"line":154,"column":23}},"51":{"start":{"line":157,"column":18},"end":{"line":157,"column":101}},"52":{"start":{"line":158,"column":18},"end":{"line":158,"column":104}},"53":{"start":{"line":159,"column":21},"end":{"line":159,"column":89}},"54":{"start":{"line":160,"column":19},"end":{"line":160,"column":90}},"55":{"start":{"line":163,"column":20},"end":{"line":163,"column":48}},"56":{"start":{"line":164,"column":17},"end":{"line":164,"column":40}},"57":{"start":{"line":165,"column":17},"end":{"line":165,"column":40}},"58":{"start":{"line":167,"column":2},"end":{"line":175,"column":4}},"59":{"start":{"line":178,"column":0},"end":{"line":178,"column":134}}},"fnMap":{"0":{"name":"scanForLatestSdk","decl":{"start":{"line":15,"column":9},"end":{"line":15,"column":25}},"loc":{"start":{"line":15,"column":36},"end":{"line":34,"column":1}},"line":15},"1":{"name":"(anonymous_1)","decl":{"start":{"line":21,"column":14},"end":{"line":21,"column":15}},"loc":{"start":{"line":21,"column":19},"end":{"line":21,"column":49}},"line":21},"2":{"name":"(anonymous_2)","decl":{"start":{"line":22,"column":12},"end":{"line":22,"column":13}},"loc":{"start":{"line":22,"column":22},"end":{"line":22,"column":40}},"line":22},"3":{"name":"getDefaultSdkBasePath","decl":{"start":{"line":43,"column":9},"end":{"line":43,"column":30}},"loc":{"start":{"line":43,"column":33},"end":{"line":72,"column":1}},"line":43},"4":{"name":"getDefaultDevKeyPath","decl":{"start":{"line":80,"column":9},"end":{"line":80,"column":29}},"loc":{"start":{"line":80,"column":32},"end":{"line":82,"column":1}},"line":80},"5":{"name":"getDefaultExportDir","decl":{"start":{"line":90,"column":9},"end":{"line":90,"column":28}},"loc":{"start":{"line":90,"column":31},"end":{"line":100,"column":1}},"line":90},"6":{"name":"getDefaultTempDir","decl":{"start":{"line":107,"column":9},"end":{"line":107,"column":26}},"loc":{"start":{"line":107,"column":29},"end":{"line":117,"column":1}},"line":107},"7":{"name":"getConfig","decl":{"start":{"line":131,"column":9},"end":{"line":131,"column":18}},"loc":{"start":{"line":131,"column":51},"end":{"line":176,"column":1}},"line":131},"8":{"name":"(anonymous_8)","decl":{"start":{"line":133,"column":18},"end":{"line":133,"column":19}},"loc":{"start":{"line":133,"column":58},"end":{"line":155,"column":3}},"line":133}},"branchMap":{"0":{"loc":{"start":{"line":17,"column":4},"end":{"line":17,"column":46}},"type":"if","locations":[{"start":{"line":17,"column":4},"end":{"line":17,"column":46}},{"start":{},"end":{}}],"line":17},"1":{"loc":{"start":{"line":24,"column":4},"end":{"line":24,"column":42}},"type":"if","locations":[{"start":{"line":24,"column":4},"end":{"line":24,"column":42}},{"start":{},"end":{}}],"line":24},"2":{"loc":{"start":{"line":27,"column":4},"end":{"line":29,"column":5}},"type":"if","locations":[{"start":{"line":27,"column":4},"end":{"line":29,"column":5}},{"start":{},"end":{}}],"line":27},"3":{"loc":{"start":{"line":47,"column":2},"end":{"line":67,"column":3}},"type":"if","locations":[{"start":{"line":47,"column":2},"end":{"line":67,"column":3}},{"start":{"line":50,"column":9},"end":{"line":67,"column":3}}],"line":47},"4":{"loc":{"start":{"line":49,"column":25},"end":{"line":49,"column":50}},"type":"binary-expr","locations":[{"start":{"line":49,"column":25},"end":{"line":49,"column":44}},{"start":{"line":49,"column":48},"end":{"line":49,"column":50}}],"line":49},"5":{"loc":{"start":{"line":50,"column":9},"end":{"line":67,"column":3}},"type":"if","locations":[{"start":{"line":50,"column":9},"end":{"line":67,"column":3}},{"start":{"line":53,"column":9},"end":{"line":67,"column":3}}],"line":50},"6":{"loc":{"start":{"line":59,"column":4},"end":{"line":59,"column":28}},"type":"if","locations":[{"start":{"line":59,"column":4},"end":{"line":59,"column":28}},{"start":{},"end":{}}],"line":59},"7":{"loc":{"start":{"line":62,"column":4},"end":{"line":64,"column":5}},"type":"if","locations":[{"start":{"line":62,"column":4},"end":{"line":64,"column":5}},{"start":{},"end":{}}],"line":62},"8":{"loc":{"start":{"line":71,"column":9},"end":{"line":71,"column":26}},"type":"binary-expr","locations":[{"start":{"line":71,"column":9},"end":{"line":71,"column":14}},{"start":{"line":71,"column":18},"end":{"line":71,"column":26}}],"line":71},"9":{"loc":{"start":{"line":93,"column":2},"end":{"line":99,"column":3}},"type":"if","locations":[{"start":{"line":93,"column":2},"end":{"line":99,"column":3}},{"start":{"line":96,"column":9},"end":{"line":99,"column":3}}],"line":93},"10":{"loc":{"start":{"line":93,"column":6},"end":{"line":93,"column":51}},"type":"binary-expr","locations":[{"start":{"line":93,"column":6},"end":{"line":93,"column":26}},{"start":{"line":93,"column":30},"end":{"line":93,"column":51}}],"line":93},"11":{"loc":{"start":{"line":110,"column":2},"end":{"line":116,"column":3}},"type":"if","locations":[{"start":{"line":110,"column":2},"end":{"line":116,"column":3}},{"start":{"line":113,"column":9},"end":{"line":116,"column":3}}],"line":110},"12":{"loc":{"start":{"line":112,"column":21},"end":{"line":112,"column":52}},"type":"binary-expr","locations":[{"start":{"line":112,"column":21},"end":{"line":112,"column":37}},{"start":{"line":112,"column":41},"end":{"line":112,"column":52}}],"line":112},"13":{"loc":{"start":{"line":131,"column":19},"end":{"line":131,"column":33}},"type":"default-arg","locations":[{"start":{"line":131,"column":31},"end":{"line":131,"column":33}}],"line":131},"14":{"loc":{"start":{"line":131,"column":35},"end":{"line":131,"column":49}},"type":"default-arg","locations":[{"start":{"line":131,"column":47},"end":{"line":131,"column":49}}],"line":131},"15":{"loc":{"start":{"line":135,"column":4},"end":{"line":137,"column":5}},"type":"if","locations":[{"start":{"line":135,"column":4},"end":{"line":137,"column":5}},{"start":{},"end":{}}],"line":135},"16":{"loc":{"start":{"line":141,"column":4},"end":{"line":143,"column":5}},"type":"if","locations":[{"start":{"line":141,"column":4},"end":{"line":143,"column":5}},{"start":{},"end":{}}],"line":141},"17":{"loc":{"start":{"line":146,"column":4},"end":{"line":151,"column":5}},"type":"if","locations":[{"start":{"line":146,"column":4},"end":{"line":151,"column":5}},{"start":{},"end":{}}],"line":146},"18":{"loc":{"start":{"line":148,"column":6},"end":{"line":150,"column":7}},"type":"if","locations":[{"start":{"line":148,"column":6},"end":{"line":150,"column":7}},{"start":{},"end":{}}],"line":148},"19":{"loc":{"start":{"line":160,"column":19},"end":{"line":160,"column":90}},"type":"binary-expr","locations":[{"start":{"line":160,"column":19},"end":{"line":160,"column":36}},{"start":{"line":160,"column":40},"end":{"line":160,"column":67}},{"start":{"line":160,"column":71},"end":{"line":160,"column":90}}],"line":160},"20":{"loc":{"start":{"line":164,"column":17},"end":{"line":164,"column":40}},"type":"cond-expr","locations":[{"start":{"line":164,"column":29},"end":{"line":164,"column":35}},{"start":{"line":164,"column":38},"end":{"line":164,"column":40}}],"line":164},"21":{"loc":{"start":{"line":165,"column":17},"end":{"line":165,"column":40}},"type":"cond-expr","locations":[{"start":{"line":165,"column":29},"end":{"line":165,"column":35}},{"start":{"line":165,"column":38},"end":{"line":165,"column":40}}],"line":165}},"s":{"0":1,"1":1,"2":1,"3":14,"4":14,"5":4,"6":10,"7":10,"8":20,"9":10,"10":10,"11":0,"12":10,"13":10,"14":10,"15":0,"16":14,"17":14,"18":14,"19":12,"20":2,"21":1,"22":1,"23":1,"24":1,"25":0,"26":1,"27":0,"28":1,"29":13,"30":13,"31":20,"32":24,"33":24,"34":22,"35":2,"36":24,"37":24,"38":20,"39":4,"40":22,"41":66,"42":8,"43":58,"44":58,"45":6,"46":52,"47":5,"48":5,"49":3,"50":49,"51":22,"52":22,"53":22,"54":22,"55":22,"56":22,"57":22,"58":22,"59":1},"f":{"0":14,"1":20,"2":10,"3":14,"4":20,"5":24,"6":24,"7":22,"8":66},"b":{"0":[4,10],"1":[0,10],"2":[10,0],"3":[12,2],"4":[12,1],"5":[1,1],"6":[0,1],"7":[0,1],"8":[13,3],"9":[22,2],"10":[24,4],"11":[20,4],"12":[20,0],"13":[0],"14":[15],"15":[8,58],"16":[6,52],"17":[5,47],"18":[3,2],"19":[22,22,21],"20":[20,2],"21":[20,2]},"_coverageSchema":"1a1c01bbd47fc00a2c39e90264f33305004495a9","hash":"cbf4eeb08bc6618ad6a5a335105e60436e780446"}
,"C:\\Users\\mr_la\\WatchFace Builder\\lib\\design-store.js": {"path":"C:\\Users\\mr_la\\WatchFace Builder\\lib\\design-store.js","statementMap":{"0":{"start":{"line":4,"column":11},"end":{"line":4,"column":24}},"1":{"start":{"line":5,"column":13},"end":{"line":5,"column":28}},"2":{"start":{"line":7,"column":30},"end":{"line":7,"column":49}},"3":{"start":{"line":8,"column":24},"end":{"line":8,"column":43}},"4":{"start":{"line":9,"column":50},"end":{"line":9,"column":73}},"5":{"start":{"line":23,"column":2},"end":{"line":23,"column":35}},"6":{"start":{"line":24,"column":2},"end":{"line":24,"column":29}},"7":{"start":{"line":27,"column":2},"end":{"line":35,"column":3}},"8":{"start":{"line":28,"column":4},"end":{"line":28,"column":50}},"9":{"start":{"line":31,"column":4},"end":{"line":34,"column":5}},"10":{"start":{"line":32,"column":6},"end":{"line":32,"column":69}},"11":{"start":{"line":33,"column":6},"end":{"line":33,"column":73}},"12":{"start":{"line":38,"column":2},"end":{"line":72,"column":3}},"13":{"start":{"line":39,"column":21},"end":{"line":39,"column":55}},"14":{"start":{"line":40,"column":21},"end":{"line":40,"column":52}},"15":{"start":{"line":41,"column":21},"end":{"line":41,"column":62}},"16":{"start":{"line":43,"column":23},"end":{"line":47,"column":5}},"17":{"start":{"line":50,"column":4},"end":{"line":50,"column":68}},"18":{"start":{"line":53,"column":4},"end":{"line":53,"column":38}},"19":{"start":{"line":55,"column":4},"end":{"line":55,"column":48}},"20":{"start":{"line":57,"column":4},"end":{"line":62,"column":6}},"21":{"start":{"line":65,"column":4},"end":{"line":68,"column":14}},"22":{"start":{"line":66,"column":23},"end":{"line":66,"column":85}},"23":{"start":{"line":67,"column":6},"end":{"line":67,"column":30}},"24":{"start":{"line":70,"column":4},"end":{"line":70,"column":66}},"25":{"start":{"line":71,"column":4},"end":{"line":71,"column":61}},"26":{"start":{"line":82,"column":2},"end":{"line":109,"column":3}},"27":{"start":{"line":83,"column":4},"end":{"line":85,"column":5}},"28":{"start":{"line":84,"column":6},"end":{"line":84,"column":16}},"29":{"start":{"line":87,"column":18},"end":{"line":87,"column":77}},"30":{"start":{"line":87,"column":57},"end":{"line":87,"column":76}},"31":{"start":{"line":88,"column":20},"end":{"line":102,"column":22}},"32":{"start":{"line":89,"column":23},"end":{"line":89,"column":50}},"33":{"start":{"line":90,"column":6},"end":{"line":101,"column":7}},"34":{"start":{"line":91,"column":21},"end":{"line":91,"column":66}},"35":{"start":{"line":92,"column":8},"end":{"line":97,"column":10}},"36":{"start":{"line":99,"column":8},"end":{"line":99,"column":82}},"37":{"start":{"line":100,"column":8},"end":{"line":100,"column":20}},"38":{"start":{"line":104,"column":4},"end":{"line":104,"column":62}},"39":{"start":{"line":105,"column":4},"end":{"line":105,"column":19}},"40":{"start":{"line":107,"column":4},"end":{"line":107,"column":66}},"41":{"start":{"line":108,"column":4},"end":{"line":108,"column":62}},"42":{"start":{"line":122,"column":2},"end":{"line":186,"column":3}},"43":{"start":{"line":124,"column":22},"end":{"line":124,"column":62}},"44":{"start":{"line":126,"column":21},"end":{"line":126,"column":53}},"45":{"start":{"line":129,"column":21},"end":{"line":129,"column":43}},"46":{"start":{"line":130,"column":31},"end":{"line":130,"column":55}},"47":{"start":{"line":131,"column":4},"end":{"line":133,"column":5}},"48":{"start":{"line":132,"column":6},"end":{"line":132,"column":42}},"49":{"start":{"line":135,"column":4},"end":{"line":138,"column":5}},"50":{"start":{"line":136,"column":6},"end":{"line":136,"column":62}},"51":{"start":{"line":137,"column":6},"end":{"line":137,"column":42}},"52":{"start":{"line":142,"column":4},"end":{"line":147,"column":5}},"53":{"start":{"line":143,"column":6},"end":{"line":143,"column":59}},"54":{"start":{"line":145,"column":6},"end":{"line":145,"column":91}},"55":{"start":{"line":146,"column":6},"end":{"line":146,"column":71}},"56":{"start":{"line":150,"column":4},"end":{"line":152,"column":5}},"57":{"start":{"line":151,"column":6},"end":{"line":151,"column":54}},"58":{"start":{"line":155,"column":27},"end":{"line":155,"column":46}},"59":{"start":{"line":156,"column":4},"end":{"line":158,"column":5}},"60":{"start":{"line":157,"column":6},"end":{"line":157,"column":58}},"61":{"start":{"line":161,"column":4},"end":{"line":167,"column":5}},"62":{"start":{"line":162,"column":6},"end":{"line":166,"column":7}},"63":{"start":{"line":163,"column":8},"end":{"line":163,"column":41}},"64":{"start":{"line":165,"column":8},"end":{"line":165,"column":77}},"65":{"start":{"line":170,"column":4},"end":{"line":174,"column":5}},"66":{"start":{"line":171,"column":6},"end":{"line":173,"column":7}},"67":{"start":{"line":172,"column":8},"end":{"line":172,"column":57}},"68":{"start":{"line":176,"column":4},"end":{"line":176,"column":56}},"69":{"start":{"line":178,"column":4},"end":{"line":182,"column":6}},"70":{"start":{"line":184,"column":4},"end":{"line":184,"column":66}},"71":{"start":{"line":185,"column":4},"end":{"line":185,"column":61}},"72":{"start":{"line":189,"column":0},"end":{"line":189,"column":57}}},"fnMap":{"0":{"name":"saveDesign","decl":{"start":{"line":21,"column":9},"end":{"line":21,"column":19}},"loc":{"start":{"line":21,"column":55},"end":{"line":73,"column":1}},"line":21},"1":{"name":"listDesigns","decl":{"start":{"line":81,"column":9},"end":{"line":81,"column":20}},"loc":{"start":{"line":81,"column":33},"end":{"line":110,"column":1}},"line":81},"2":{"name":"(anonymous_2)","decl":{"start":{"line":87,"column":52},"end":{"line":87,"column":53}},"loc":{"start":{"line":87,"column":57},"end":{"line":87,"column":76}},"line":87},"3":{"name":"(anonymous_3)","decl":{"start":{"line":88,"column":30},"end":{"line":88,"column":31}},"loc":{"start":{"line":88,"column":38},"end":{"line":102,"column":5}},"line":88},"4":{"name":"loadDesign","decl":{"start":{"line":121,"column":9},"end":{"line":121,"column":19}},"loc":{"start":{"line":121,"column":42},"end":{"line":187,"column":1}},"line":121}},"branchMap":{"0":{"loc":{"start":{"line":31,"column":4},"end":{"line":34,"column":5}},"type":"if","locations":[{"start":{"line":31,"column":4},"end":{"line":34,"column":5}},{"start":{},"end":{}}],"line":31},"1":{"loc":{"start":{"line":83,"column":4},"end":{"line":85,"column":5}},"type":"if","locations":[{"start":{"line":83,"column":4},"end":{"line":85,"column":5}},{"start":{},"end":{}}],"line":83},"2":{"loc":{"start":{"line":93,"column":16},"end":{"line":93,"column":61}},"type":"binary-expr","locations":[{"start":{"line":93,"column":16},"end":{"line":93,"column":32}},{"start":{"line":93,"column":36},"end":{"line":93,"column":61}}],"line":93},"3":{"loc":{"start":{"line":95,"column":19},"end":{"line":95,"column":44}},"type":"binary-expr","locations":[{"start":{"line":95,"column":19},"end":{"line":95,"column":31}},{"start":{"line":95,"column":35},"end":{"line":95,"column":44}}],"line":95},"4":{"loc":{"start":{"line":96,"column":24},"end":{"line":96,"column":64}},"type":"cond-expr","locations":[{"start":{"line":96,"column":40},"end":{"line":96,"column":60}},{"start":{"line":96,"column":63},"end":{"line":96,"column":64}}],"line":96},"5":{"loc":{"start":{"line":131,"column":4},"end":{"line":133,"column":5}},"type":"if","locations":[{"start":{"line":131,"column":4},"end":{"line":133,"column":5}},{"start":{},"end":{}}],"line":131},"6":{"loc":{"start":{"line":135,"column":4},"end":{"line":138,"column":5}},"type":"if","locations":[{"start":{"line":135,"column":4},"end":{"line":138,"column":5}},{"start":{},"end":{}}],"line":135},"7":{"loc":{"start":{"line":150,"column":4},"end":{"line":152,"column":5}},"type":"if","locations":[{"start":{"line":150,"column":4},"end":{"line":152,"column":5}},{"start":{},"end":{}}],"line":150},"8":{"loc":{"start":{"line":150,"column":8},"end":{"line":150,"column":64}},"type":"binary-expr","locations":[{"start":{"line":150,"column":8},"end":{"line":150,"column":13}},{"start":{"line":150,"column":17},"end":{"line":150,"column":41}},{"start":{"line":150,"column":45},"end":{"line":150,"column":64}}],"line":150},"9":{"loc":{"start":{"line":155,"column":27},"end":{"line":155,"column":46}},"type":"binary-expr","locations":[{"start":{"line":155,"column":27},"end":{"line":155,"column":40}},{"start":{"line":155,"column":44},"end":{"line":155,"column":46}}],"line":155},"10":{"loc":{"start":{"line":156,"column":4},"end":{"line":158,"column":5}},"type":"if","locations":[{"start":{"line":156,"column":4},"end":{"line":158,"column":5}},{"start":{},"end":{}}],"line":156},"11":{"loc":{"start":{"line":161,"column":4},"end":{"line":167,"column":5}},"type":"if","locations":[{"start":{"line":161,"column":4},"end":{"line":167,"column":5}},{"start":{},"end":{}}],"line":161},"12":{"loc":{"start":{"line":170,"column":4},"end":{"line":174,"column":5}},"type":"if","locations":[{"start":{"line":170,"column":4},"end":{"line":174,"column":5}},{"start":{},"end":{}}],"line":170},"13":{"loc":{"start":{"line":171,"column":6},"end":{"line":173,"column":7}},"type":"if","locations":[{"start":{"line":171,"column":6},"end":{"line":173,"column":7}},{"start":{},"end":{}}],"line":171},"14":{"loc":{"start":{"line":171,"column":10},"end":{"line":171,"column":59}},"type":"binary-expr","locations":[{"start":{"line":171,"column":10},"end":{"line":171,"column":40}},{"start":{"line":171,"column":44},"end":{"line":171,"column":59}}],"line":171}},"s":{"0":2,"1":2,"2":2,"3":2,"4":2,"5":14,"6":13,"7":12,"8":12,"9":0,"10":0,"11":0,"12":12,"13":12,"14":12,"15":12,"16":12,"17":12,"18":12,"19":12,"20":12,"21":0,"22":0,"23":0,"24":0,"25":0,"26":5,"27":5,"28":1,"29":4,"30":6,"31":4,"32":6,"33":6,"34":6,"35":6,"36":0,"37":0,"38":4,"39":4,"40":0,"41":0,"42":9,"43":9,"44":9,"45":9,"46":9,"47":9,"48":0,"49":9,"50":2,"51":2,"52":7,"53":7,"54":1,"55":1,"56":6,"57":1,"58":5,"59":5,"60":1,"61":4,"62":2,"63":2,"64":1,"65":3,"66":1,"67":1,"68":2,"69":2,"70":7,"71":7,"72":2},"f":{"0":14,"1":5,"2":6,"3":6,"4":9},"b":{"0":[0,0],"1":[1,4],"2":[6,0],"3":[6,0],"4":[6,0],"5":[0,9],"6":[2,7],"7":[1,5],"8":[6,6,6],"9":[5,0],"10":[1,4],"11":[2,2],"12":[1,2],"13":[1,0],"14":[1,1]},"_coverageSchema":"1a1c01bbd47fc00a2c39e90264f33305004495a9","hash":"9c8414c8e6c83ad5456dfcefde91d28eae95b3f6"}
,"C:\\Users\\mr_la\\WatchFace Builder\\lib\\icon-generator.js": {"path":"C:\\Users\\mr_la\\WatchFace Builder\\lib\\icon-generator.js","statementMap":{"0":{"start":{"line":1,"column":13},"end":{"line":1,"column":28}},"1":{"start":{"line":3,"column":27},"end":{"line":3,"column":29}},"2":{"start":{"line":6,"column":20},"end":{"line":16,"column":4}},"3":{"start":{"line":7,"column":16},"end":{"line":7,"column":18}},"4":{"start":{"line":8,"column":2},"end":{"line":14,"column":3}},"5":{"start":{"line":8,"column":15},"end":{"line":8,"column":16}},"6":{"start":{"line":9,"column":12},"end":{"line":9,"column":13}},"7":{"start":{"line":10,"column":4},"end":{"line":12,"column":5}},"8":{"start":{"line":10,"column":17},"end":{"line":10,"column":18}},"9":{"start":{"line":11,"column":6},"end":{"line":11,"column":53}},"10":{"start":{"line":13,"column":4},"end":{"line":13,"column":23}},"11":{"start":{"line":15,"column":2},"end":{"line":15,"column":15}},"12":{"start":{"line":20,"column":16},"end":{"line":20,"column":34}},"13":{"start":{"line":21,"column":17},"end":{"line":21,"column":35}},"14":{"start":{"line":22,"column":17},"end":{"line":22,"column":18}},"15":{"start":{"line":23,"column":17},"end":{"line":23,"column":21}},"16":{"start":{"line":24,"column":17},"end":{"line":24,"column":21}},"17":{"start":{"line":27,"column":20},"end":{"line":27,"column":58}},"18":{"start":{"line":28,"column":15},"end":{"line":28,"column":16}},"19":{"start":{"line":30,"column":2},"end":{"line":37,"column":3}},"20":{"start":{"line":30,"column":15},"end":{"line":30,"column":16}},"21":{"start":{"line":31,"column":4},"end":{"line":31,"column":28}},"22":{"start":{"line":32,"column":4},"end":{"line":36,"column":5}},"23":{"start":{"line":32,"column":17},"end":{"line":32,"column":18}},"24":{"start":{"line":33,"column":6},"end":{"line":33,"column":35}},"25":{"start":{"line":34,"column":6},"end":{"line":34,"column":35}},"26":{"start":{"line":35,"column":6},"end":{"line":35,"column":35}},"27":{"start":{"line":39,"column":25},"end":{"line":39,"column":52}},"28":{"start":{"line":42,"column":17},"end":{"line":42,"column":19}},"29":{"start":{"line":45,"column":15},"end":{"line":45,"column":31}},"30":{"start":{"line":46,"column":2},"end":{"line":46,"column":31}},"31":{"start":{"line":47,"column":2},"end":{"line":47,"column":32}},"32":{"start":{"line":48,"column":2},"end":{"line":48,"column":14}},"33":{"start":{"line":49,"column":2},"end":{"line":49,"column":14}},"34":{"start":{"line":50,"column":2},"end":{"line":50,"column":15}},"35":{"start":{"line":51,"column":2},"end":{"line":51,"column":15}},"36":{"start":{"line":52,"column":2},"end":{"line":52,"column":15}},"37":{"start":{"line":53,"column":2},"end":{"line":53,"column":39}},"38":{"start":{"line":56,"column":2},"end":{"line":56,"column":49}},"39":{"start":{"line":59,"column":2},"end":{"line":59,"column":50}},"40":{"start":{"line":62,"column":14},"end":{"line":65,"column":4}},"41":{"start":{"line":67,"column":2},"end":{"line":67,"column":13}},"42":{"start":{"line":71,"column":20},"end":{"line":71,"column":46}},"43":{"start":{"line":72,"column":17},"end":{"line":72,"column":32}},"44":{"start":{"line":73,"column":2},"end":{"line":73,"column":39}},"45":{"start":{"line":75,"column":18},"end":{"line":75,"column":50}},"46":{"start":{"line":76,"column":14},"end":{"line":76,"column":35}},"47":{"start":{"line":77,"column":19},"end":{"line":77,"column":34}},"48":{"start":{"line":78,"column":2},"end":{"line":78,"column":39}},"49":{"start":{"line":80,"column":2},"end":{"line":80,"column":60}},"50":{"start":{"line":84,"column":12},"end":{"line":84,"column":22}},"51":{"start":{"line":85,"column":2},"end":{"line":87,"column":3}},"52":{"start":{"line":85,"column":15},"end":{"line":85,"column":16}},"53":{"start":{"line":86,"column":4},"end":{"line":86,"column":60}},"54":{"start":{"line":88,"column":2},"end":{"line":88,"column":34}},"55":{"start":{"line":91,"column":0},"end":{"line":91,"column":39}}},"fnMap":{"0":{"name":"(anonymous_0)","decl":{"start":{"line":6,"column":21},"end":{"line":6,"column":22}},"loc":{"start":{"line":6,"column":27},"end":{"line":16,"column":1}},"line":6},"1":{"name":"generate54x54Icon","decl":{"start":{"line":19,"column":9},"end":{"line":19,"column":26}},"loc":{"start":{"line":19,"column":29},"end":{"line":68,"column":1}},"line":19},"2":{"name":"makeChunk","decl":{"start":{"line":70,"column":9},"end":{"line":70,"column":18}},"loc":{"start":{"line":70,"column":31},"end":{"line":81,"column":1}},"line":70},"3":{"name":"computeCrc32","decl":{"start":{"line":83,"column":9},"end":{"line":83,"column":21}},"loc":{"start":{"line":83,"column":28},"end":{"line":89,"column":1}},"line":83}},"branchMap":{"0":{"loc":{"start":{"line":11,"column":10},"end":{"line":11,"column":52}},"type":"cond-expr","locations":[{"start":{"line":11,"column":20},"end":{"line":11,"column":42}},{"start":{"line":11,"column":45},"end":{"line":11,"column":52}}],"line":11}},"s":{"0":2,"1":2,"2":2,"3":2,"4":2,"5":2,"6":512,"7":512,"8":512,"9":4096,"10":512,"11":2,"12":3,"13":3,"14":3,"15":3,"16":3,"17":3,"18":3,"19":3,"20":3,"21":162,"22":162,"23":162,"24":8748,"25":8748,"26":8748,"27":3,"28":3,"29":3,"30":3,"31":3,"32":3,"33":3,"34":3,"35":3,"36":3,"37":3,"38":3,"39":3,"40":3,"41":3,"42":9,"43":9,"44":9,"45":9,"46":9,"47":9,"48":9,"49":9,"50":9,"51":9,"52":9,"53":306,"54":9,"55":2},"f":{"0":2,"1":3,"2":9,"3":9},"b":{"0":[2048,2048]},"_coverageSchema":"1a1c01bbd47fc00a2c39e90264f33305004495a9","hash":"9258b4b847a966716545ca467f6444b9787d9eb2"}
,"C:\\Users\\mr_la\\WatchFace Builder\\lib\\keygen.js": {"path":"C:\\Users\\mr_la\\WatchFace Builder\\lib\\keygen.js","statementMap":{"0":{"start":{"line":5,"column":15},"end":{"line":5,"column":32}},"1":{"start":{"line":6,"column":11},"end":{"line":6,"column":24}},"2":{"start":{"line":7,"column":13},"end":{"line":7,"column":28}},"3":{"start":{"line":8,"column":11},"end":{"line":8,"column":24}},"4":{"start":{"line":13,"column":2},"end":{"line":13,"column":65}},"5":{"start":{"line":25,"column":2},"end":{"line":119,"column":5}},"6":{"start":{"line":27,"column":20},"end":{"line":27,"column":44}},"7":{"start":{"line":28,"column":22},"end":{"line":28,"column":43}},"8":{"start":{"line":31,"column":4},"end":{"line":40,"column":5}},"9":{"start":{"line":32,"column":6},"end":{"line":32,"column":51}},"10":{"start":{"line":34,"column":6},"end":{"line":38,"column":7}},"11":{"start":{"line":35,"column":8},"end":{"line":35,"column":87}},"12":{"start":{"line":37,"column":8},"end":{"line":37,"column":69}},"13":{"start":{"line":39,"column":6},"end":{"line":39,"column":13}},"14":{"start":{"line":43,"column":4},"end":{"line":55,"column":5}},"15":{"start":{"line":44,"column":19},"end":{"line":44,"column":39}},"16":{"start":{"line":45,"column":6},"end":{"line":48,"column":7}},"17":{"start":{"line":46,"column":8},"end":{"line":46,"column":68}},"18":{"start":{"line":47,"column":8},"end":{"line":47,"column":15}},"19":{"start":{"line":50,"column":6},"end":{"line":53,"column":7}},"20":{"start":{"line":51,"column":8},"end":{"line":51,"column":71}},"21":{"start":{"line":52,"column":8},"end":{"line":52,"column":15}},"22":{"start":{"line":58,"column":4},"end":{"line":118,"column":7}},"23":{"start":{"line":60,"column":8},"end":{"line":100,"column":10}},"24":{"start":{"line":74,"column":12},"end":{"line":77,"column":13}},"25":{"start":{"line":75,"column":14},"end":{"line":75,"column":79}},"26":{"start":{"line":76,"column":14},"end":{"line":76,"column":21}},"27":{"start":{"line":80,"column":12},"end":{"line":89,"column":13}},"28":{"start":{"line":81,"column":14},"end":{"line":81,"column":69}},"29":{"start":{"line":83,"column":14},"end":{"line":87,"column":15}},"30":{"start":{"line":84,"column":16},"end":{"line":84,"column":90}},"31":{"start":{"line":86,"column":16},"end":{"line":86,"column":77}},"32":{"start":{"line":88,"column":14},"end":{"line":88,"column":21}},"33":{"start":{"line":92,"column":31},"end":{"line":92,"column":55}},"34":{"start":{"line":93,"column":12},"end":{"line":96,"column":13}},"35":{"start":{"line":94,"column":14},"end":{"line":94,"column":97}},"36":{"start":{"line":95,"column":14},"end":{"line":95,"column":21}},"37":{"start":{"line":98,"column":12},"end":{"line":98,"column":60}},"38":{"start":{"line":103,"column":8},"end":{"line":106,"column":9}},"39":{"start":{"line":104,"column":16},"end":{"line":104,"column":135}},"40":{"start":{"line":110,"column":6},"end":{"line":116,"column":7}},"41":{"start":{"line":111,"column":8},"end":{"line":113,"column":9}},"42":{"start":{"line":112,"column":10},"end":{"line":112,"column":33}},"43":{"start":{"line":117,"column":6},"end":{"line":117,"column":18}},"44":{"start":{"line":129,"column":2},"end":{"line":131,"column":3}},"45":{"start":{"line":130,"column":4},"end":{"line":130,"column":54}},"46":{"start":{"line":135,"column":2},"end":{"line":139,"column":3}},"47":{"start":{"line":136,"column":4},"end":{"line":136,"column":39}},"48":{"start":{"line":138,"column":4},"end":{"line":138,"column":72}},"49":{"start":{"line":142,"column":2},"end":{"line":144,"column":3}},"50":{"start":{"line":143,"column":4},"end":{"line":143,"column":64}},"51":{"start":{"line":148,"column":2},"end":{"line":150,"column":3}},"52":{"start":{"line":149,"column":4},"end":{"line":149,"column":76}},"53":{"start":{"line":155,"column":22},"end":{"line":155,"column":23}},"54":{"start":{"line":156,"column":17},"end":{"line":156,"column":96}},"55":{"start":{"line":158,"column":2},"end":{"line":160,"column":3}},"56":{"start":{"line":159,"column":4},"end":{"line":159,"column":79}},"57":{"start":{"line":162,"column":18},"end":{"line":162,"column":72}},"58":{"start":{"line":163,"column":2},"end":{"line":165,"column":3}},"59":{"start":{"line":164,"column":4},"end":{"line":164,"column":90}},"60":{"start":{"line":167,"column":2},"end":{"line":167,"column":25}},"61":{"start":{"line":170,"column":0},"end":{"line":174,"column":2}}},"fnMap":{"0":{"name":"getDefaultKeyPath","decl":{"start":{"line":12,"column":9},"end":{"line":12,"column":26}},"loc":{"start":{"line":12,"column":29},"end":{"line":14,"column":1}},"line":12},"1":{"name":"generateKey","decl":{"start":{"line":24,"column":9},"end":{"line":24,"column":20}},"loc":{"start":{"line":24,"column":33},"end":{"line":120,"column":1}},"line":24},"2":{"name":"(anonymous_2)","decl":{"start":{"line":25,"column":21},"end":{"line":25,"column":22}},"loc":{"start":{"line":25,"column":42},"end":{"line":119,"column":3}},"line":25},"3":{"name":"(anonymous_3)","decl":{"start":{"line":59,"column":18},"end":{"line":59,"column":19}},"loc":{"start":{"line":59,"column":51},"end":{"line":101,"column":7}},"line":59},"4":{"name":"(anonymous_4)","decl":{"start":{"line":73,"column":10},"end":{"line":73,"column":11}},"loc":{"start":{"line":73,"column":42},"end":{"line":99,"column":11}},"line":73},"5":{"name":"(anonymous_5)","decl":{"start":{"line":102,"column":18},"end":{"line":102,"column":19}},"loc":{"start":{"line":103,"column":8},"end":{"line":106,"column":9}},"line":103},"6":{"name":"(anonymous_6)","decl":{"start":{"line":104,"column":10},"end":{"line":104,"column":11}},"loc":{"start":{"line":104,"column":16},"end":{"line":104,"column":135}},"line":104},"7":{"name":"(anonymous_7)","decl":{"start":{"line":108,"column":27},"end":{"line":108,"column":28}},"loc":{"start":{"line":108,"column":36},"end":{"line":118,"column":5}},"line":108},"8":{"name":"validateKeyFile","decl":{"start":{"line":127,"column":9},"end":{"line":127,"column":24}},"loc":{"start":{"line":127,"column":35},"end":{"line":168,"column":1}},"line":127}},"branchMap":{"0":{"loc":{"start":{"line":34,"column":6},"end":{"line":38,"column":7}},"type":"if","locations":[{"start":{"line":34,"column":6},"end":{"line":38,"column":7}},{"start":{"line":36,"column":13},"end":{"line":38,"column":7}}],"line":34},"1":{"loc":{"start":{"line":45,"column":6},"end":{"line":48,"column":7}},"type":"if","locations":[{"start":{"line":45,"column":6},"end":{"line":48,"column":7}},{"start":{},"end":{}}],"line":45},"2":{"loc":{"start":{"line":50,"column":6},"end":{"line":53,"column":7}},"type":"if","locations":[{"start":{"line":50,"column":6},"end":{"line":53,"column":7}},{"start":{},"end":{}}],"line":50},"3":{"loc":{"start":{"line":74,"column":12},"end":{"line":77,"column":13}},"type":"if","locations":[{"start":{"line":74,"column":12},"end":{"line":77,"column":13}},{"start":{},"end":{}}],"line":74},"4":{"loc":{"start":{"line":83,"column":14},"end":{"line":87,"column":15}},"type":"if","locations":[{"start":{"line":83,"column":14},"end":{"line":87,"column":15}},{"start":{"line":85,"column":21},"end":{"line":87,"column":15}}],"line":83},"5":{"loc":{"start":{"line":93,"column":12},"end":{"line":96,"column":13}},"type":"if","locations":[{"start":{"line":93,"column":12},"end":{"line":96,"column":13}},{"start":{},"end":{}}],"line":93},"6":{"loc":{"start":{"line":111,"column":8},"end":{"line":113,"column":9}},"type":"if","locations":[{"start":{"line":111,"column":8},"end":{"line":113,"column":9}},{"start":{},"end":{}}],"line":111},"7":{"loc":{"start":{"line":129,"column":2},"end":{"line":131,"column":3}},"type":"if","locations":[{"start":{"line":129,"column":2},"end":{"line":131,"column":3}},{"start":{},"end":{}}],"line":129},"8":{"loc":{"start":{"line":142,"column":2},"end":{"line":144,"column":3}},"type":"if","locations":[{"start":{"line":142,"column":2},"end":{"line":144,"column":3}},{"start":{},"end":{}}],"line":142},"9":{"loc":{"start":{"line":142,"column":6},"end":{"line":142,"column":45}},"type":"binary-expr","locations":[{"start":{"line":142,"column":6},"end":{"line":142,"column":23}},{"start":{"line":142,"column":27},"end":{"line":142,"column":45}}],"line":142},"10":{"loc":{"start":{"line":148,"column":2},"end":{"line":150,"column":3}},"type":"if","locations":[{"start":{"line":148,"column":2},"end":{"line":150,"column":3}},{"start":{},"end":{}}],"line":148},"11":{"loc":{"start":{"line":158,"column":2},"end":{"line":160,"column":3}},"type":"if","locations":[{"start":{"line":158,"column":2},"end":{"line":160,"column":3}},{"start":{},"end":{}}],"line":158},"12":{"loc":{"start":{"line":163,"column":2},"end":{"line":165,"column":3}},"type":"if","locations":[{"start":{"line":163,"column":2},"end":{"line":165,"column":3}},{"start":{},"end":{}}],"line":163}},"s":{"0":1,"1":1,"2":1,"3":1,"4":2,"5":3,"6":3,"7":3,"8":3,"9":3,"10":0,"11":0,"12":0,"13":0,"14":3,"15":3,"16":0,"17":0,"18":0,"19":3,"20":0,"21":0,"22":3,"23":3,"24":1,"25":0,"26":0,"27":1,"28":1,"29":0,"30":0,"31":0,"32":0,"33":1,"34":1,"35":0,"36":0,"37":1,"38":3,"39":2,"40":2,"41":2,"42":1,"43":2,"44":8,"45":1,"46":7,"47":7,"48":0,"49":7,"50":2,"51":5,"52":1,"53":4,"54":4,"55":4,"56":0,"57":4,"58":4,"59":1,"60":3,"61":1},"f":{"0":2,"1":3,"2":3,"3":3,"4":1,"5":3,"6":2,"7":2,"8":8},"b":{"0":[0,0],"1":[0,0],"2":[0,3],"3":[0,1],"4":[0,0],"5":[0,1],"6":[1,1],"7":[1,7],"8":[2,5],"9":[7,6],"10":[1,4],"11":[0,4],"12":[1,3]},"_coverageSchema":"1a1c01bbd47fc00a2c39e90264f33305004495a9","hash":"ec8d824a3959f133c3472e0da7fa650b29cde9c4"}
,"C:\\Users\\mr_la\\WatchFace Builder\\lib\\logger.js": {"path":"C:\\Users\\mr_la\\WatchFace Builder\\lib\\logger.js","statementMap":{"0":{"start":{"line":5,"column":19},"end":{"line":5,"column":33}},"1":{"start":{"line":6,"column":24},"end":{"line":6,"column":129}},"2":{"start":{"line":8,"column":2},"end":{"line":12,"column":5}},"3":{"start":{"line":9,"column":4},"end":{"line":11,"column":5}},"4":{"start":{"line":10,"column":6},"end":{"line":10,"column":39}},"5":{"start":{"line":14,"column":2},"end":{"line":14,"column":18}},"6":{"start":{"line":18,"column":20},"end":{"line":18,"column":44}},"7":{"start":{"line":19,"column":22},"end":{"line":19,"column":52}},"8":{"start":{"line":20,"column":2},"end":{"line":20,"column":77}},"9":{"start":{"line":24,"column":2},"end":{"line":24,"column":32}},"10":{"start":{"line":28,"column":2},"end":{"line":28,"column":33}},"11":{"start":{"line":32,"column":2},"end":{"line":32,"column":32}},"12":{"start":{"line":35,"column":0},"end":{"line":35,"column":53}}},"fnMap":{"0":{"name":"redactSensitiveFields","decl":{"start":{"line":4,"column":9},"end":{"line":4,"column":30}},"loc":{"start":{"line":4,"column":40},"end":{"line":15,"column":1}},"line":4},"1":{"name":"(anonymous_1)","decl":{"start":{"line":8,"column":24},"end":{"line":8,"column":25}},"loc":{"start":{"line":8,"column":31},"end":{"line":12,"column":3}},"line":8},"2":{"name":"log","decl":{"start":{"line":17,"column":9},"end":{"line":17,"column":12}},"loc":{"start":{"line":17,"column":43},"end":{"line":21,"column":1}},"line":17},"3":{"name":"logInfo","decl":{"start":{"line":23,"column":9},"end":{"line":23,"column":16}},"loc":{"start":{"line":23,"column":40},"end":{"line":25,"column":1}},"line":23},"4":{"name":"logError","decl":{"start":{"line":27,"column":9},"end":{"line":27,"column":17}},"loc":{"start":{"line":27,"column":41},"end":{"line":29,"column":1}},"line":27},"5":{"name":"logWarn","decl":{"start":{"line":31,"column":9},"end":{"line":31,"column":16}},"loc":{"start":{"line":31,"column":40},"end":{"line":33,"column":1}},"line":31}},"branchMap":{"0":{"loc":{"start":{"line":9,"column":4},"end":{"line":11,"column":5}},"type":"if","locations":[{"start":{"line":9,"column":4},"end":{"line":11,"column":5}},{"start":{},"end":{}}],"line":9},"1":{"loc":{"start":{"line":17,"column":29},"end":{"line":17,"column":41}},"type":"default-arg","locations":[{"start":{"line":17,"column":39},"end":{"line":17,"column":41}}],"line":17},"2":{"loc":{"start":{"line":23,"column":26},"end":{"line":23,"column":38}},"type":"default-arg","locations":[{"start":{"line":23,"column":36},"end":{"line":23,"column":38}}],"line":23},"3":{"loc":{"start":{"line":27,"column":27},"end":{"line":27,"column":39}},"type":"default-arg","locations":[{"start":{"line":27,"column":37},"end":{"line":27,"column":39}}],"line":27},"4":{"loc":{"start":{"line":31,"column":26},"end":{"line":31,"column":38}},"type":"default-arg","locations":[{"start":{"line":31,"column":36},"end":{"line":31,"column":38}}],"line":31}},"s":{"0":72,"1":72,"2":72,"3":648,"4":20,"5":72,"6":72,"7":72,"8":72,"9":46,"10":18,"11":3,"12":5},"f":{"0":72,"1":648,"2":72,"3":46,"4":18,"5":3},"b":{"0":[20,628],"1":[2],"2":[1],"3":[1],"4":[1]},"_coverageSchema":"1a1c01bbd47fc00a2c39e90264f33305004495a9","hash":"5709a6490e4c8abfc6d8f1211a704347c764c35e"}
,"C:\\Users\\mr_la\\WatchFace Builder\\lib\\naming.js": {"path":"C:\\Users\\mr_la\\WatchFace Builder\\lib\\naming.js","statementMap":{"0":{"start":{"line":4,"column":2},"end":{"line":7,"column":34}},"1":{"start":{"line":10,"column":0},"end":{"line":10,"column":33}}},"fnMap":{"0":{"name":"safePrgName","decl":{"start":{"line":3,"column":9},"end":{"line":3,"column":20}},"loc":{"start":{"line":3,"column":27},"end":{"line":8,"column":1}},"line":3}},"branchMap":{"0":{"loc":{"start":{"line":4,"column":9},"end":{"line":7,"column":33}},"type":"binary-expr","locations":[{"start":{"line":4,"column":10},"end":{"line":7,"column":17}},{"start":{"line":7,"column":22},"end":{"line":7,"column":33}}],"line":4},"1":{"loc":{"start":{"line":4,"column":11},"end":{"line":4,"column":30}},"type":"binary-expr","locations":[{"start":{"line":4,"column":11},"end":{"line":4,"column":15}},{"start":{"line":4,"column":19},"end":{"line":4,"column":30}}],"line":4}},"s":{"0":28,"1":4},"f":{"0":28},"b":{"0":[28,0],"1":[28,3]},"_coverageSchema":"1a1c01bbd47fc00a2c39e90264f33305004495a9","hash":"2fcebf17abeb4824e57a06a5a1bd28792c206c23"}
,"C:\\Users\\mr_la\\WatchFace Builder\\lib\\preview.js": {"path":"C:\\Users\\mr_la\\WatchFace Builder\\lib\\preview.js","statementMap":{"0":{"start":{"line":4,"column":11},"end":{"line":4,"column":24}},"1":{"start":{"line":5,"column":13},"end":{"line":5,"column":28}},"2":{"start":{"line":6,"column":28},"end":{"line":6,"column":52}},"3":{"start":{"line":8,"column":39},"end":{"line":8,"column":58}},"4":{"start":{"line":9,"column":29},"end":{"line":9,"column":51}},"5":{"start":{"line":18,"column":2},"end":{"line":30,"column":5}},"6":{"start":{"line":19,"column":4},"end":{"line":24,"column":5}},"7":{"start":{"line":22,"column":6},"end":{"line":22,"column":21}},"8":{"start":{"line":23,"column":6},"end":{"line":23,"column":13}},"9":{"start":{"line":26,"column":4},"end":{"line":29,"column":7}},"10":{"start":{"line":27,"column":24},"end":{"line":27,"column":74}},"11":{"start":{"line":28,"column":6},"end":{"line":28,"column":25}},"12":{"start":{"line":40,"column":2},"end":{"line":50,"column":3}},"13":{"start":{"line":41,"column":4},"end":{"line":41,"column":47}},"14":{"start":{"line":42,"column":18},"end":{"line":42,"column":76}},"15":{"start":{"line":44,"column":4},"end":{"line":46,"column":7}},"16":{"start":{"line":45,"column":6},"end":{"line":45,"column":81}},"17":{"start":{"line":47,"column":4},"end":{"line":47,"column":18}},"18":{"start":{"line":49,"column":4},"end":{"line":49,"column":63}},"19":{"start":{"line":68,"column":2},"end":{"line":71,"column":3}},"20":{"start":{"line":69,"column":4},"end":{"line":69,"column":24}},"21":{"start":{"line":70,"column":4},"end":{"line":70,"column":21}},"22":{"start":{"line":74,"column":2},"end":{"line":76,"column":3}},"23":{"start":{"line":75,"column":4},"end":{"line":75,"column":56}},"24":{"start":{"line":79,"column":2},"end":{"line":144,"column":5}},"25":{"start":{"line":80,"column":4},"end":{"line":143,"column":5}},"26":{"start":{"line":82,"column":25},"end":{"line":82,"column":51}},"27":{"start":{"line":83,"column":6},"end":{"line":85,"column":7}},"28":{"start":{"line":84,"column":8},"end":{"line":84,"column":29}},"29":{"start":{"line":88,"column":6},"end":{"line":90,"column":9}},"30":{"start":{"line":89,"column":8},"end":{"line":89,"column":42}},"31":{"start":{"line":89,"column":31},"end":{"line":89,"column":40}},"32":{"start":{"line":93,"column":21},"end":{"line":93,"column":67}},"33":{"start":{"line":94,"column":21},"end":{"line":94,"column":55}},"34":{"start":{"line":96,"column":6},"end":{"line":102,"column":7}},"35":{"start":{"line":97,"column":8},"end":{"line":97,"column":50}},"36":{"start":{"line":98,"column":8},"end":{"line":98,"column":41}},"37":{"start":{"line":99,"column":8},"end":{"line":99,"column":80}},"38":{"start":{"line":101,"column":8},"end":{"line":101,"column":83}},"39":{"start":{"line":105,"column":21},"end":{"line":105,"column":61}},"40":{"start":{"line":106,"column":6},"end":{"line":106,"column":69}},"41":{"start":{"line":108,"column":24},"end":{"line":108,"column":52}},"42":{"start":{"line":109,"column":18},"end":{"line":109,"column":54}},"43":{"start":{"line":110,"column":19},"end":{"line":112,"column":33}},"44":{"start":{"line":114,"column":6},"end":{"line":139,"column":9}},"45":{"start":{"line":115,"column":22},"end":{"line":115,"column":71}},"46":{"start":{"line":117,"column":8},"end":{"line":138,"column":9}},"47":{"start":{"line":121,"column":10},"end":{"line":133,"column":11}},"48":{"start":{"line":122,"column":12},"end":{"line":122,"column":90}},"49":{"start":{"line":123,"column":12},"end":{"line":123,"column":86}},"50":{"start":{"line":124,"column":17},"end":{"line":133,"column":11}},"51":{"start":{"line":125,"column":12},"end":{"line":125,"column":65}},"52":{"start":{"line":126,"column":12},"end":{"line":126,"column":85}},"53":{"start":{"line":127,"column":17},"end":{"line":133,"column":11}},"54":{"start":{"line":128,"column":12},"end":{"line":128,"column":62}},"55":{"start":{"line":129,"column":12},"end":{"line":129,"column":81}},"56":{"start":{"line":131,"column":12},"end":{"line":131,"column":66}},"57":{"start":{"line":132,"column":12},"end":{"line":132,"column":105}},"58":{"start":{"line":135,"column":10},"end":{"line":135,"column":44}},"59":{"start":{"line":135,"column":23},"end":{"line":135,"column":44}},"60":{"start":{"line":137,"column":10},"end":{"line":137,"column":61}},"61":{"start":{"line":141,"column":6},"end":{"line":141,"column":69}},"62":{"start":{"line":142,"column":6},"end":{"line":142,"column":40}},"63":{"start":{"line":142,"column":19},"end":{"line":142,"column":40}},"64":{"start":{"line":147,"column":0},"end":{"line":147,"column":77}}},"fnMap":{"0":{"name":"isSimulatorRunning","decl":{"start":{"line":17,"column":15},"end":{"line":17,"column":33}},"loc":{"start":{"line":17,"column":36},"end":{"line":31,"column":1}},"line":17},"1":{"name":"(anonymous_1)","decl":{"start":{"line":18,"column":21},"end":{"line":18,"column":22}},"loc":{"start":{"line":18,"column":34},"end":{"line":30,"column":3}},"line":18},"2":{"name":"(anonymous_2)","decl":{"start":{"line":26,"column":75},"end":{"line":26,"column":76}},"loc":{"start":{"line":26,"column":89},"end":{"line":29,"column":5}},"line":26},"3":{"name":"launchSimulator","decl":{"start":{"line":39,"column":9},"end":{"line":39,"column":24}},"loc":{"start":{"line":39,"column":30},"end":{"line":51,"column":1}},"line":39},"4":{"name":"(anonymous_4)","decl":{"start":{"line":44,"column":22},"end":{"line":44,"column":23}},"loc":{"start":{"line":44,"column":31},"end":{"line":46,"column":5}},"line":44},"5":{"name":"previewInSimulator","decl":{"start":{"line":66,"column":9},"end":{"line":66,"column":27}},"loc":{"start":{"line":66,"column":76},"end":{"line":145,"column":1}},"line":66},"6":{"name":"(anonymous_6)","decl":{"start":{"line":79,"column":15},"end":{"line":79,"column":16}},"loc":{"start":{"line":79,"column":27},"end":{"line":144,"column":3}},"line":79},"7":{"name":"(anonymous_7)","decl":{"start":{"line":88,"column":24},"end":{"line":88,"column":25}},"loc":{"start":{"line":88,"column":37},"end":{"line":90,"column":7}},"line":88},"8":{"name":"(anonymous_8)","decl":{"start":{"line":89,"column":25},"end":{"line":89,"column":26}},"loc":{"start":{"line":89,"column":31},"end":{"line":89,"column":40}},"line":89},"9":{"name":"(anonymous_9)","decl":{"start":{"line":114,"column":26},"end":{"line":114,"column":27}},"loc":{"start":{"line":114,"column":52},"end":{"line":139,"column":7}},"line":114}},"branchMap":{"0":{"loc":{"start":{"line":19,"column":4},"end":{"line":24,"column":5}},"type":"if","locations":[{"start":{"line":19,"column":4},"end":{"line":24,"column":5}},{"start":{},"end":{}}],"line":19},"1":{"loc":{"start":{"line":27,"column":24},"end":{"line":27,"column":74}},"type":"binary-expr","locations":[{"start":{"line":27,"column":24},"end":{"line":27,"column":27}},{"start":{"line":27,"column":31},"end":{"line":27,"column":74}}],"line":27},"2":{"loc":{"start":{"line":66,"column":42},"end":{"line":66,"column":58}},"type":"default-arg","locations":[{"start":{"line":66,"column":54},"end":{"line":66,"column":58}}],"line":66},"3":{"loc":{"start":{"line":66,"column":60},"end":{"line":66,"column":74}},"type":"default-arg","locations":[{"start":{"line":66,"column":70},"end":{"line":66,"column":74}}],"line":66},"4":{"loc":{"start":{"line":68,"column":2},"end":{"line":71,"column":3}},"type":"if","locations":[{"start":{"line":68,"column":2},"end":{"line":71,"column":3}},{"start":{},"end":{}}],"line":68},"5":{"loc":{"start":{"line":74,"column":2},"end":{"line":76,"column":3}},"type":"if","locations":[{"start":{"line":74,"column":2},"end":{"line":76,"column":3}},{"start":{},"end":{}}],"line":74},"6":{"loc":{"start":{"line":83,"column":6},"end":{"line":85,"column":7}},"type":"if","locations":[{"start":{"line":83,"column":6},"end":{"line":85,"column":7}},{"start":{},"end":{}}],"line":83},"7":{"loc":{"start":{"line":105,"column":21},"end":{"line":105,"column":61}},"type":"cond-expr","locations":[{"start":{"line":105,"column":45},"end":{"line":105,"column":51}},{"start":{"line":105,"column":54},"end":{"line":105,"column":61}}],"line":105},"8":{"loc":{"start":{"line":109,"column":18},"end":{"line":109,"column":54}},"type":"cond-expr","locations":[{"start":{"line":109,"column":30},"end":{"line":109,"column":39}},{"start":{"line":109,"column":42},"end":{"line":109,"column":54}}],"line":109},"9":{"loc":{"start":{"line":110,"column":19},"end":{"line":112,"column":33}},"type":"cond-expr","locations":[{"start":{"line":111,"column":10},"end":{"line":111,"column":53}},{"start":{"line":112,"column":10},"end":{"line":112,"column":33}}],"line":110},"10":{"loc":{"start":{"line":117,"column":8},"end":{"line":138,"column":9}},"type":"if","locations":[{"start":{"line":117,"column":8},"end":{"line":138,"column":9}},{"start":{"line":136,"column":15},"end":{"line":138,"column":9}}],"line":117},"11":{"loc":{"start":{"line":121,"column":10},"end":{"line":133,"column":11}},"type":"if","locations":[{"start":{"line":121,"column":10},"end":{"line":133,"column":11}},{"start":{"line":124,"column":17},"end":{"line":133,"column":11}}],"line":121},"12":{"loc":{"start":{"line":124,"column":17},"end":{"line":133,"column":11}},"type":"if","locations":[{"start":{"line":124,"column":17},"end":{"line":133,"column":11}},{"start":{"line":127,"column":17},"end":{"line":133,"column":11}}],"line":124},"13":{"loc":{"start":{"line":127,"column":17},"end":{"line":133,"column":11}},"type":"if","locations":[{"start":{"line":127,"column":17},"end":{"line":133,"column":11}},{"start":{"line":130,"column":17},"end":{"line":133,"column":11}}],"line":127},"14":{"loc":{"start":{"line":135,"column":10},"end":{"line":135,"column":44}},"type":"if","locations":[{"start":{"line":135,"column":10},"end":{"line":135,"column":44}},{"start":{},"end":{}}],"line":135},"15":{"loc":{"start":{"line":142,"column":6},"end":{"line":142,"column":40}},"type":"if","locations":[{"start":{"line":142,"column":6},"end":{"line":142,"column":40}},{"start":{},"end":{}}],"line":142}},"s":{"0":1,"1":1,"2":1,"3":1,"4":1,"5":1,"6":1,"7":0,"8":0,"9":1,"10":0,"11":0,"12":0,"13":0,"14":0,"15":0,"16":0,"17":0,"18":0,"19":2,"20":1,"21":1,"22":2,"23":2,"24":2,"25":0,"26":0,"27":0,"28":0,"29":0,"30":0,"31":0,"32":0,"33":0,"34":0,"35":0,"36":0,"37":0,"38":0,"39":0,"40":0,"41":0,"42":0,"43":0,"44":0,"45":0,"46":0,"47":0,"48":0,"49":0,"50":0,"51":0,"52":0,"53":0,"54":0,"55":0,"56":0,"57":0,"58":0,"59":0,"60":0,"61":0,"62":0,"63":0,"64":1},"f":{"0":1,"1":1,"2":0,"3":0,"4":0,"5":2,"6":0,"7":0,"8":0,"9":0},"b":{"0":[0,1],"1":[0,0],"2":[1],"3":[2],"4":[1,1],"5":[2,0],"6":[0,0],"7":[0,0],"8":[0,0],"9":[0,0],"10":[0,0],"11":[0,0],"12":[0,0],"13":[0,0],"14":[0,0],"15":[0,0]},"_coverageSchema":"1a1c01bbd47fc00a2c39e90264f33305004495a9","hash":"349c4da952a8a55d91b8d84109f8acbe3ea0b6f3"}
,"C:\\Users\\mr_la\\WatchFace Builder\\lib\\queue.js": {"path":"C:\\Users\\mr_la\\WatchFace Builder\\lib\\queue.js","statementMap":{"0":{"start":{"line":4,"column":20},"end":{"line":4,"column":39}},"1":{"start":{"line":14,"column":4},"end":{"line":14,"column":41}},"2":{"start":{"line":15,"column":4},"end":{"line":15,"column":20}},"3":{"start":{"line":16,"column":4},"end":{"line":16,"column":21}},"4":{"start":{"line":29,"column":4},"end":{"line":34,"column":7}},"5":{"start":{"line":31,"column":6},"end":{"line":31,"column":56}},"6":{"start":{"line":33,"column":6},"end":{"line":33,"column":21}},"7":{"start":{"line":43,"column":4},"end":{"line":45,"column":5}},"8":{"start":{"line":44,"column":6},"end":{"line":44,"column":13}},"9":{"start":{"line":48,"column":4},"end":{"line":50,"column":5}},"10":{"start":{"line":49,"column":6},"end":{"line":49,"column":13}},"11":{"start":{"line":53,"column":4},"end":{"line":53,"column":22}},"12":{"start":{"line":54,"column":45},"end":{"line":54,"column":63}},"13":{"start":{"line":56,"column":4},"end":{"line":68,"column":5}},"14":{"start":{"line":57,"column":6},"end":{"line":57,"column":45}},"15":{"start":{"line":58,"column":21},"end":{"line":58,"column":33}},"16":{"start":{"line":59,"column":6},"end":{"line":59,"column":43}},"17":{"start":{"line":60,"column":6},"end":{"line":60,"column":22}},"18":{"start":{"line":62,"column":6},"end":{"line":62,"column":66}},"19":{"start":{"line":63,"column":6},"end":{"line":63,"column":18}},"20":{"start":{"line":66,"column":6},"end":{"line":66,"column":24}},"21":{"start":{"line":67,"column":6},"end":{"line":67,"column":21}},"22":{"start":{"line":77,"column":4},"end":{"line":81,"column":6}},"23":{"start":{"line":86,"column":19},"end":{"line":86,"column":36}},"24":{"start":{"line":87,"column":24},"end":{"line":87,"column":41}},"25":{"start":{"line":89,"column":0},"end":{"line":89,"column":61}}},"fnMap":{"0":{"name":"(anonymous_0)","decl":{"start":{"line":13,"column":2},"end":{"line":13,"column":3}},"loc":{"start":{"line":13,"column":34},"end":{"line":17,"column":3}},"line":13},"1":{"name":"(anonymous_1)","decl":{"start":{"line":28,"column":2},"end":{"line":28,"column":3}},"loc":{"start":{"line":28,"column":34},"end":{"line":35,"column":3}},"line":28},"2":{"name":"(anonymous_2)","decl":{"start":{"line":29,"column":23},"end":{"line":29,"column":24}},"loc":{"start":{"line":29,"column":44},"end":{"line":34,"column":5}},"line":29},"3":{"name":"(anonymous_3)","decl":{"start":{"line":41,"column":2},"end":{"line":41,"column":3}},"loc":{"start":{"line":41,"column":18},"end":{"line":69,"column":3}},"line":41},"4":{"name":"(anonymous_4)","decl":{"start":{"line":76,"column":2},"end":{"line":76,"column":3}},"loc":{"start":{"line":76,"column":10},"end":{"line":82,"column":3}},"line":76}},"branchMap":{"0":{"loc":{"start":{"line":13,"column":14},"end":{"line":13,"column":32}},"type":"default-arg","locations":[{"start":{"line":13,"column":31},"end":{"line":13,"column":32}}],"line":13},"1":{"loc":{"start":{"line":28,"column":18},"end":{"line":28,"column":32}},"type":"default-arg","locations":[{"start":{"line":28,"column":26},"end":{"line":28,"column":32}}],"line":28},"2":{"loc":{"start":{"line":43,"column":4},"end":{"line":45,"column":5}},"type":"if","locations":[{"start":{"line":43,"column":4},"end":{"line":45,"column":5}},{"start":{},"end":{}}],"line":43},"3":{"loc":{"start":{"line":48,"column":4},"end":{"line":50,"column":5}},"type":"if","locations":[{"start":{"line":48,"column":4},"end":{"line":50,"column":5}},{"start":{},"end":{}}],"line":48}},"s":{"0":1,"1":6,"2":6,"3":6,"4":6,"5":6,"6":6,"7":12,"8":2,"9":10,"10":4,"11":6,"12":6,"13":6,"14":6,"15":6,"16":5,"17":5,"18":1,"19":1,"20":6,"21":6,"22":1,"23":1,"24":1,"25":1},"f":{"0":6,"1":6,"2":6,"3":12,"4":1},"b":{"0":[0],"1":[4],"2":[2,10],"3":[4,6]},"_coverageSchema":"1a1c01bbd47fc00a2c39e90264f33305004495a9","hash":"f71959439c699fadcd34cda016b4524687b2c0eb"}
,"C:\\Users\\mr_la\\WatchFace Builder\\lib\\simulator.js": {"path":"C:\\Users\\mr_la\\WatchFace Builder\\lib\\simulator.js","statementMap":{"0":{"start":{"line":3,"column":21},"end":{"line":3,"column":45}},"1":{"start":{"line":4,"column":20},"end":{"line":4,"column":39}},"2":{"start":{"line":7,"column":2},"end":{"line":7,"column":47}},"3":{"start":{"line":7,"column":17},"end":{"line":7,"column":47}},"4":{"start":{"line":9,"column":14},"end":{"line":9,"column":17}},"5":{"start":{"line":10,"column":24},"end":{"line":10,"column":29}},"6":{"start":{"line":12,"column":29},"end":{"line":21,"column":3}},"7":{"start":{"line":13,"column":4},"end":{"line":20,"column":5}},"8":{"start":{"line":14,"column":6},"end":{"line":14,"column":29}},"9":{"start":{"line":15,"column":6},"end":{"line":19,"column":7}},"10":{"start":{"line":16,"column":8},"end":{"line":16,"column":41}},"11":{"start":{"line":18,"column":8},"end":{"line":18,"column":19}},"12":{"start":{"line":23,"column":15},"end":{"line":50,"column":3}},"13":{"start":{"line":24,"column":4},"end":{"line":49,"column":7}},"14":{"start":{"line":26,"column":6},"end":{"line":37,"column":7}},"15":{"start":{"line":27,"column":8},"end":{"line":27,"column":86}},"16":{"start":{"line":29,"column":8},"end":{"line":35,"column":9}},"17":{"start":{"line":30,"column":10},"end":{"line":30,"column":46}},"18":{"start":{"line":31,"column":10},"end":{"line":31,"column":34}},"19":{"start":{"line":33,"column":10},"end":{"line":33,"column":73}},"20":{"start":{"line":34,"column":10},"end":{"line":34,"column":31}},"21":{"start":{"line":36,"column":8},"end":{"line":36,"column":15}},"22":{"start":{"line":39,"column":6},"end":{"line":48,"column":7}},"23":{"start":{"line":40,"column":8},"end":{"line":40,"column":76}},"24":{"start":{"line":41,"column":8},"end":{"line":41,"column":33}},"25":{"start":{"line":42,"column":13},"end":{"line":48,"column":7}},"26":{"start":{"line":43,"column":8},"end":{"line":43,"column":44}},"27":{"start":{"line":44,"column":8},"end":{"line":44,"column":32}},"28":{"start":{"line":46,"column":8},"end":{"line":46,"column":71}},"29":{"start":{"line":47,"column":8},"end":{"line":47,"column":29}},"30":{"start":{"line":52,"column":2},"end":{"line":52,"column":9}},"31":{"start":{"line":55,"column":0},"end":{"line":55,"column":38}}},"fnMap":{"0":{"name":"waitForSimulator","decl":{"start":{"line":6,"column":9},"end":{"line":6,"column":25}},"loc":{"start":{"line":6,"column":46},"end":{"line":53,"column":1}},"line":6},"1":{"name":"(anonymous_1)","decl":{"start":{"line":12,"column":29},"end":{"line":12,"column":30}},"loc":{"start":{"line":12,"column":49},"end":{"line":21,"column":3}},"line":12},"2":{"name":"(anonymous_2)","decl":{"start":{"line":23,"column":15},"end":{"line":23,"column":16}},"loc":{"start":{"line":23,"column":21},"end":{"line":50,"column":3}},"line":23},"3":{"name":"(anonymous_3)","decl":{"start":{"line":24,"column":75},"end":{"line":24,"column":76}},"loc":{"start":{"line":24,"column":89},"end":{"line":49,"column":5}},"line":24}},"branchMap":{"0":{"loc":{"start":{"line":7,"column":2},"end":{"line":7,"column":47}},"type":"if","locations":[{"start":{"line":7,"column":2},"end":{"line":7,"column":47}},{"start":{},"end":{}}],"line":7},"1":{"loc":{"start":{"line":12,"column":30},"end":{"line":12,"column":44}},"type":"default-arg","locations":[{"start":{"line":12,"column":43},"end":{"line":12,"column":44}}],"line":12},"2":{"loc":{"start":{"line":13,"column":4},"end":{"line":20,"column":5}},"type":"if","locations":[{"start":{"line":13,"column":4},"end":{"line":20,"column":5}},{"start":{},"end":{}}],"line":13},"3":{"loc":{"start":{"line":15,"column":6},"end":{"line":19,"column":7}},"type":"if","locations":[{"start":{"line":15,"column":6},"end":{"line":19,"column":7}},{"start":{"line":17,"column":13},"end":{"line":19,"column":7}}],"line":15},"4":{"loc":{"start":{"line":26,"column":6},"end":{"line":37,"column":7}},"type":"if","locations":[{"start":{"line":26,"column":6},"end":{"line":37,"column":7}},{"start":{},"end":{}}],"line":26},"5":{"loc":{"start":{"line":29,"column":8},"end":{"line":35,"column":9}},"type":"if","locations":[{"start":{"line":29,"column":8},"end":{"line":35,"column":9}},{"start":{"line":32,"column":15},"end":{"line":35,"column":9}}],"line":29},"6":{"loc":{"start":{"line":39,"column":6},"end":{"line":48,"column":7}},"type":"if","locations":[{"start":{"line":39,"column":6},"end":{"line":48,"column":7}},{"start":{"line":42,"column":13},"end":{"line":48,"column":7}}],"line":39},"7":{"loc":{"start":{"line":39,"column":10},"end":{"line":39,"column":60}},"type":"binary-expr","locations":[{"start":{"line":39,"column":10},"end":{"line":39,"column":13}},{"start":{"line":39,"column":17},"end":{"line":39,"column":60}}],"line":39},"8":{"loc":{"start":{"line":42,"column":13},"end":{"line":48,"column":7}},"type":"if","locations":[{"start":{"line":42,"column":13},"end":{"line":48,"column":7}},{"start":{"line":45,"column":13},"end":{"line":48,"column":7}}],"line":42}},"s":{"0":1,"1":1,"2":0,"3":0,"4":0,"5":0,"6":0,"7":0,"8":0,"9":0,"10":0,"11":0,"12":0,"13":0,"14":0,"15":0,"16":0,"17":0,"18":0,"19":0,"20":0,"21":0,"22":0,"23":0,"24":0,"25":0,"26":0,"27":0,"28":0,"29":0,"30":0,"31":1},"f":{"0":0,"1":0,"2":0,"3":0},"b":{"0":[0,0],"1":[0],"2":[0,0],"3":[0,0],"4":[0,0],"5":[0,0],"6":[0,0],"7":[0,0],"8":[0,0]},"_coverageSchema":"1a1c01bbd47fc00a2c39e90264f33305004495a9","hash":"d019e947ccd4ad61c4a95e927dd54aae92797cd4"}
,"C:\\Users\\mr_la\\WatchFace Builder\\lib\\validation.js": {"path":"C:\\Users\\mr_la\\WatchFace Builder\\lib\\validation.js","statementMap":{"0":{"start":{"line":3,"column":20},"end":{"line":6,"column":1}},"1":{"start":{"line":8,"column":24},"end":{"line":20,"column":2}},"2":{"start":{"line":22,"column":22},"end":{"line":22,"column":24}},"3":{"start":{"line":23,"column":22},"end":{"line":23,"column":25}},"4":{"start":{"line":26,"column":2},"end":{"line":28,"column":3}},"5":{"start":{"line":27,"column":4},"end":{"line":27,"column":62}},"6":{"start":{"line":29,"column":2},"end":{"line":31,"column":3}},"7":{"start":{"line":30,"column":4},"end":{"line":30,"column":66}},"8":{"start":{"line":32,"column":2},"end":{"line":32,"column":14}},"9":{"start":{"line":36,"column":2},"end":{"line":38,"column":3}},"10":{"start":{"line":37,"column":4},"end":{"line":37,"column":46}},"11":{"start":{"line":39,"column":2},"end":{"line":41,"column":3}},"12":{"start":{"line":40,"column":4},"end":{"line":40,"column":72}},"13":{"start":{"line":42,"column":2},"end":{"line":42,"column":14}},"14":{"start":{"line":46,"column":2},"end":{"line":48,"column":3}},"15":{"start":{"line":47,"column":4},"end":{"line":47,"column":60}},"16":{"start":{"line":51,"column":2},"end":{"line":53,"column":3}},"17":{"start":{"line":52,"column":4},"end":{"line":52,"column":89}},"18":{"start":{"line":54,"column":2},"end":{"line":56,"column":3}},"19":{"start":{"line":55,"column":4},"end":{"line":55,"column":83}},"20":{"start":{"line":57,"column":2},"end":{"line":59,"column":3}},"21":{"start":{"line":58,"column":4},"end":{"line":58,"column":65}},"22":{"start":{"line":62,"column":2},"end":{"line":64,"column":3}},"23":{"start":{"line":63,"column":4},"end":{"line":63,"column":111}},"24":{"start":{"line":65,"column":2},"end":{"line":67,"column":3}},"25":{"start":{"line":66,"column":4},"end":{"line":66,"column":111}},"26":{"start":{"line":68,"column":2},"end":{"line":70,"column":3}},"27":{"start":{"line":69,"column":4},"end":{"line":69,"column":97}},"28":{"start":{"line":71,"column":2},"end":{"line":73,"column":3}},"29":{"start":{"line":72,"column":4},"end":{"line":72,"column":99}},"30":{"start":{"line":76,"column":2},"end":{"line":78,"column":3}},"31":{"start":{"line":77,"column":4},"end":{"line":77,"column":113}},"32":{"start":{"line":79,"column":2},"end":{"line":81,"column":3}},"33":{"start":{"line":80,"column":4},"end":{"line":80,"column":28}},"34":{"start":{"line":84,"column":26},"end":{"line":84,"column":54}},"35":{"start":{"line":85,"column":2},"end":{"line":87,"column":3}},"36":{"start":{"line":86,"column":4},"end":{"line":86,"column":122}},"37":{"start":{"line":90,"column":2},"end":{"line":92,"column":3}},"38":{"start":{"line":91,"column":4},"end":{"line":91,"column":97}},"39":{"start":{"line":94,"column":2},"end":{"line":94,"column":14}},"40":{"start":{"line":98,"column":2},"end":{"line":100,"column":3}},"41":{"start":{"line":99,"column":4},"end":{"line":99,"column":49}},"42":{"start":{"line":101,"column":2},"end":{"line":103,"column":3}},"43":{"start":{"line":102,"column":4},"end":{"line":102,"column":58}},"44":{"start":{"line":104,"column":2},"end":{"line":104,"column":54}},"45":{"start":{"line":104,"column":30},"end":{"line":104,"column":52}},"46":{"start":{"line":105,"column":2},"end":{"line":105,"column":14}},"47":{"start":{"line":108,"column":0},"end":{"line":117,"column":2}}},"fnMap":{"0":{"name":"validateProjectName","decl":{"start":{"line":25,"column":9},"end":{"line":25,"column":28}},"loc":{"start":{"line":25,"column":35},"end":{"line":33,"column":1}},"line":25},"1":{"name":"validateColor","decl":{"start":{"line":35,"column":9},"end":{"line":35,"column":22}},"loc":{"start":{"line":35,"column":30},"end":{"line":43,"column":1}},"line":35},"2":{"name":"validateElement","decl":{"start":{"line":45,"column":9},"end":{"line":45,"column":24}},"loc":{"start":{"line":45,"column":36},"end":{"line":95,"column":1}},"line":45},"3":{"name":"validateElements","decl":{"start":{"line":97,"column":9},"end":{"line":97,"column":25}},"loc":{"start":{"line":97,"column":36},"end":{"line":106,"column":1}},"line":97},"4":{"name":"(anonymous_4)","decl":{"start":{"line":104,"column":19},"end":{"line":104,"column":20}},"loc":{"start":{"line":104,"column":30},"end":{"line":104,"column":52}},"line":104}},"branchMap":{"0":{"loc":{"start":{"line":26,"column":2},"end":{"line":28,"column":3}},"type":"if","locations":[{"start":{"line":26,"column":2},"end":{"line":28,"column":3}},{"start":{},"end":{}}],"line":26},"1":{"loc":{"start":{"line":26,"column":6},"end":{"line":26,"column":58}},"type":"binary-expr","locations":[{"start":{"line":26,"column":6},"end":{"line":26,"column":30}},{"start":{"line":26,"column":34},"end":{"line":26,"column":58}}],"line":26},"2":{"loc":{"start":{"line":29,"column":2},"end":{"line":31,"column":3}},"type":"if","locations":[{"start":{"line":29,"column":2},"end":{"line":31,"column":3}},{"start":{},"end":{}}],"line":29},"3":{"loc":{"start":{"line":36,"column":2},"end":{"line":38,"column":3}},"type":"if","locations":[{"start":{"line":36,"column":2},"end":{"line":38,"column":3}},{"start":{},"end":{}}],"line":36},"4":{"loc":{"start":{"line":39,"column":2},"end":{"line":41,"column":3}},"type":"if","locations":[{"start":{"line":39,"column":2},"end":{"line":41,"column":3}},{"start":{},"end":{}}],"line":39},"5":{"loc":{"start":{"line":46,"column":2},"end":{"line":48,"column":3}},"type":"if","locations":[{"start":{"line":46,"column":2},"end":{"line":48,"column":3}},{"start":{},"end":{}}],"line":46},"6":{"loc":{"start":{"line":46,"column":6},"end":{"line":46,"column":35}},"type":"binary-expr","locations":[{"start":{"line":46,"column":6},"end":{"line":46,"column":9}},{"start":{"line":46,"column":13},"end":{"line":46,"column":35}}],"line":46},"7":{"loc":{"start":{"line":51,"column":2},"end":{"line":53,"column":3}},"type":"if","locations":[{"start":{"line":51,"column":2},"end":{"line":53,"column":3}},{"start":{},"end":{}}],"line":51},"8":{"loc":{"start":{"line":51,"column":6},"end":{"line":51,"column":44}},"type":"binary-expr","locations":[{"start":{"line":51,"column":6},"end":{"line":51,"column":31}},{"start":{"line":51,"column":35},"end":{"line":51,"column":44}}],"line":51},"9":{"loc":{"start":{"line":54,"column":2},"end":{"line":56,"column":3}},"type":"if","locations":[{"start":{"line":54,"column":2},"end":{"line":56,"column":3}},{"start":{},"end":{}}],"line":54},"10":{"loc":{"start":{"line":57,"column":2},"end":{"line":59,"column":3}},"type":"if","locations":[{"start":{"line":57,"column":2},"end":{"line":59,"column":3}},{"start":{},"end":{}}],"line":57},"11":{"loc":{"start":{"line":62,"column":2},"end":{"line":64,"column":3}},"type":"if","locations":[{"start":{"line":62,"column":2},"end":{"line":64,"column":3}},{"start":{},"end":{}}],"line":62},"12":{"loc":{"start":{"line":62,"column":6},"end":{"line":62,"column":78}},"type":"binary-expr","locations":[{"start":{"line":62,"column":6},"end":{"line":62,"column":30}},{"start":{"line":62,"column":34},"end":{"line":62,"column":54}},{"start":{"line":62,"column":58},"end":{"line":62,"column":78}}],"line":62},"13":{"loc":{"start":{"line":65,"column":2},"end":{"line":67,"column":3}},"type":"if","locations":[{"start":{"line":65,"column":2},"end":{"line":67,"column":3}},{"start":{},"end":{}}],"line":65},"14":{"loc":{"start":{"line":65,"column":6},"end":{"line":65,"column":78}},"type":"binary-expr","locations":[{"start":{"line":65,"column":6},"end":{"line":65,"column":30}},{"start":{"line":65,"column":34},"end":{"line":65,"column":54}},{"start":{"line":65,"column":58},"end":{"line":65,"column":78}}],"line":65},"15":{"loc":{"start":{"line":68,"column":2},"end":{"line":70,"column":3}},"type":"if","locations":[{"start":{"line":68,"column":2},"end":{"line":70,"column":3}},{"start":{},"end":{}}],"line":68},"16":{"loc":{"start":{"line":68,"column":6},"end":{"line":68,"column":69}},"type":"binary-expr","locations":[{"start":{"line":68,"column":6},"end":{"line":68,"column":34}},{"start":{"line":68,"column":38},"end":{"line":68,"column":51}},{"start":{"line":68,"column":55},"end":{"line":68,"column":69}}],"line":68},"17":{"loc":{"start":{"line":71,"column":2},"end":{"line":73,"column":3}},"type":"if","locations":[{"start":{"line":71,"column":2},"end":{"line":73,"column":3}},{"start":{},"end":{}}],"line":71},"18":{"loc":{"start":{"line":71,"column":6},"end":{"line":71,"column":72}},"type":"binary-expr","locations":[{"start":{"line":71,"column":6},"end
[...]
lumn":80}},"113":{"start":{"line":311,"column":25},"end":{"line":311,"column":86}},"114":{"start":{"line":312,"column":20},"end":{"line":320,"column":147}},"115":{"start":{"line":322,"column":24},"end":{"line":351,"column":11}},"116":{"start":{"line":353,"column":2},"end":{"line":428,"column":2}},"117":{"start":{"line":431,"column":0},"end":{"line":436,"column":2}}},"fnMap":{"0":{"name":"colorLiteral","decl":{"start":{"line":8,"column":9},"end":{"line":8,"column":21}},"loc":{"start":{"line":8,"column":32},"end":{"line":11,"column":1}},"line":8},"1":{"name":"generateDataFetch","decl":{"start":{"line":13,"column":9},"end":{"line":13,"column":26}},"loc":{"start":{"line":13,"column":31},"end":{"line":76,"column":1}},"line":13},"2":{"name":"generateTickCode","decl":{"start":{"line":78,"column":9},"end":{"line":78,"column":25}},"loc":{"start":{"line":78,"column":82},"end":{"line":110,"column":1}},"line":78},"3":{"name":"generateTickDotsCode","decl":{"start":{"line":112,"column":9},"end":{"line":112,"column":29}},"loc":{"start":{"line":112,"column":47},"end":{"line":124,"column":1}},"line":112},"4":{"name":"generateAnalogHandCode","decl":{"start":{"line":126,"column":9},"end":{"line":126,"column":31}},"loc":{"start":{"line":126,"column":42},"end":{"line":143,"column":1}},"line":126},"5":{"name":"generateAnalogCenterCode","decl":{"start":{"line":145,"column":9},"end":{"line":145,"column":33}},"loc":{"start":{"line":145,"column":38},"end":{"line":150,"column":1}},"line":145},"6":{"name":"generateHRGraphCode","decl":{"start":{"line":152,"column":9},"end":{"line":152,"column":28}},"loc":{"start":{"line":152,"column":33},"end":{"line":174,"column":1}},"line":152},"7":{"name":"generateDrawCall","decl":{"start":{"line":176,"column":9},"end":{"line":176,"column":25}},"loc":{"start":{"line":176,"column":30},"end":{"line":280,"column":1}},"line":176},"8":{"name":"generateMonkeyC","decl":{"start":{"line":282,"column":9},"end":{"line":282,"column":24}},"loc":{"start":{"line":282,"column":35},"end":{"line":429,"column":1}},"line":282},"9":{"name":"(anonymous_9)","decl":{"start":{"line":283,"column":39},"end":{"line":283,"column":40}},"loc":{"start":{"line":283,"column":49},"end":{"line":283,"column":82}},"line":283},"10":{"name":"(anonymous_10)","decl":{"start":{"line":284,"column":40},"end":{"line":284,"column":41}},"loc":{"start":{"line":284,"column":45},"end":{"line":284,"column":54}},"line":284},"11":{"name":"(anonymous_11)","decl":{"start":{"line":286,"column":43},"end":{"line":286,"column":44}},"loc":{"start":{"line":286,"column":49},"end":{"line":286,"column":68}},"line":286},"12":{"name":"(anonymous_12)","decl":{"start":{"line":287,"column":43},"end":{"line":287,"column":44}},"loc":{"start":{"line":287,"column":49},"end":{"line":287,"column":72}},"line":287},"13":{"name":"(anonymous_13)","decl":{"start":{"line":288,"column":42},"end":{"line":288,"column":43}},"loc":{"start":{"line":288,"column":48},"end":{"line":288,"column":70}},"line":288},"14":{"name":"(anonymous_14)","decl":{"start":{"line":289,"column":46},"end":{"line":289,"column":47}},"loc":{"start":{"line":289,"column":52},"end":{"line":289,"column":106}},"line":289},"15":{"name":"(anonymous_15)","decl":{"start":{"line":290,"column":40},"end":{"line":290,"column":41}},"loc":{"start":{"line":290,"column":46},"end":{"line":290,"column":66}},"line":290},"16":{"name":"(anonymous_16)","decl":{"start":{"line":292,"column":48},"end":{"line":292,"column":49}},"loc":{"start":{"line":292,"column":53},"end":{"line":292,"column":136}},"line":292},"17":{"name":"(anonymous_17)","decl":{"start":{"line":293,"column":48},"end":{"line":293,"column":49}},"loc":{"start":{"line":293,"column":54},"end":{"line":293,"column":148}},"line":293},"18":{"name":"(anonymous_18)","decl":{"start":{"line":297,"column":12},"end":{"line":297,"column":13}},"loc":{"start":{"line":297,"column":18},"end":{"line":297,"column":108}},"line":297}},"branchMap":{"0":{"loc":{"start":{"line":9,"column":22},"end":{"line":9,"column":43}},"type":"binary-expr","locations":[{"start":{"line":9,"column":22},"end":{"line":9,"column":30}},{"start":{"line":9,"column":34},"end":{"line":9,"column":43}}],"line":9},"1":{"loc":{"start":{"line":75,"column":9},"end":{"line":75,"column":32}},"type":"binary-expr","locations":[{"start":{"line":75,"column":9},"end":{"line":75,"column":24}},{"start":{"line":75,"column":28},"end":{"line":75,"column":32}}],"line":75},"2":{"loc":{"start":{"line":85,"column":2},"end":{"line":96,"column":3}},"type":"if","locations":[{"start":{"line":85,"column":2},"end":{"line":96,"column":3}},{"start":{},"end":{}}],"line":85},"3":{"loc":{"start":{"line":130,"column":15},"end":{"line":130,"column":62}},"type":"cond-expr","locations":[{"start":{"line":130,"column":33},"end":{"line":130,"column":34}},{"start":{"line":130,"column":37},"end":{"line":130,"column":62}}],"line":130},"4":{"loc":{"start":{"line":130,"column":37},"end":{"line":130,"column":62}},"type":"cond-expr","locations":[{"start":{"line":130,"column":57},"end":{"line":130,"column":58}},{"start":{"line":130,"column":61},"end":{"line":130,"column":62}}],"line":130},"5":{"loc":{"start":{"line":131,"column":20},"end":{"line":133,"column":56}},"type":"cond-expr","locations":[{"start":{"line":131,"column":38},"end":{"line":131,"column":124}},{"start":{"line":132,"column":6},"end":{"line":133,"column":56}}],"line":131},"6":{"loc":{"start":{"line":132,"column":6},"end":{"line":133,"column":56}},"type":"cond-expr","locations":[{"start":{"line":132,"column":26},"end":{"line":132,"column":103}},{"start":{"line":133,"column":8},"end":{"line":133,"column":56}}],"line":132},"7":{"loc":{"start":{"line":178,"column":22},"end":{"line":178,"column":46}},"type":"binary-expr","locations":[{"start":{"line":178,"column":22},"end":{"line":178,"column":29}},{"start":{"line":178,"column":33},"end":{"line":178,"column":46}}],"line":178},"8":{"loc":{"start":{"line":179,"column":16},"end":{"line":181,"column":58}},"type":"cond-expr","locations":[{"start":{"line":179,"column":40},"end":{"line":179,"column":92}},{"start":{"line":180,"column":6},"end":{"line":181,"column":58}}],"line":179},"9":{"loc":{"start":{"line":180,"column":6},"end":{"line":181,"column":58}},"type":"cond-expr","locations":[{"start":{"line":180,"column":29},"end":{"line":180,"column":81}},{"start":{"line":181,"column":8},"end":{"line":181,"column":58}}],"line":180},"10":{"loc":{"start":{"line":231,"column":22},"end":{"line":231,"column":54}},"type":"binary-expr","locations":[{"start":{"line":231,"column":22},"end":{"line":231,"column":31}},{"start":{"line":231,"column":35},"end":{"line":231,"column":43}},{"start":{"line":231,"column":47},"end":{"line":231,"column":54}}],"line":231},"11":{"loc":{"start":{"line":234,"column":2},"end":{"line":240,"column":3}},"type":"if","locations":[{"start":{"line":234,"column":2},"end":{"line":240,"column":3}},{"start":{},"end":{}}],"line":234},"12":{"loc":{"start":{"line":241,"column":2},"end":{"line":255,"column":3}},"type":"if","locations":[{"start":{"line":241,"column":2},"end":{"line":255,"column":3}},{"start":{},"end":{}}],"line":241},"13":{"loc":{"start":{"line":256,"column":2},"end":{"line":259,"column":3}},"type":"if","locations":[{"start":{"line":256,"column":2},"end":{"line":259,"column":3}},{"start":{},"end":{}}],"line":256},"14":{"loc":{"start":{"line":260,"column":2},"end":{"line":263,"column":3}},"type":"if","locations":[{"start":{"line":260,"column":2},"end":{"line":263,"column":3}},{"start":{},"end":{}}],"line":260},"15":{"loc":{"start":{"line":264,"column":2},"end":{"line":267,"column":3}},"type":"if","locations":[{"start":{"line":264,"column":2},"end":{"line":267,"column":3}},{"start":{},"end":{}}],"line":264},"16":{"loc":{"start":{"line":268,"column":2},"end":{"line":268,"column":99}},"type":"if","locations":[{"start":{"line":268,"column":2},"end":{"line":268,"column":99}},{"start":{},"end":{}}],"line":268},"17":{"loc":{"start":{"line":269,"column":2},"end":{"line":269,"column":101}},"type":"if","locations":[{"start":{"line":269,"column":2},"end":{"line":269,"column":101}},{"start":{},"end":{}}],"line":269},"18":{"loc":{"start":{"line":270,"column":2},"end":{"line":270,"column":131}},"type":"if","locations":[{"start":{"line":270,"column":2},"end":{"line":270,"column":131}},{"start":{},"end":{}}],"line":270},"19":{"loc":{"start":{"line":271,"column":2},"end":{"line":271,"column":82}},"type":"if","locations":[{"start":{"line":271,"column":2},"end":{"line":271,"column":82}},{"start":{},"end":{}}],"line":271},"20":{"loc":{"start":{"line":272,"column":2},"end":{"line":272,"column":79}},"type":"if","locations":[{"start":{"line":272,"column":2},"end":{"line":272,"column":79}},{"start":{},"end":{}}],"line":272},"21":{"loc":{"start":{"line":273,"column":2},"end":{"line":273,"column":83}},"type":"if","locations":[{"start":{"line":273,"column":2},"end":{"line":273,"column":83}},{"start":{},"end":{}}],"line":273},"22":{"loc":{"start":{"line":274,"column":2},"end":{"line":274,"column":83}},"type":"if","locations":[{"start":{"line":274,"column":2},"end":{"line":274,"column":83}},{"start":{},"end":{}}],"line":274},"23":{"loc":{"start":{"line":275,"column":2},"end":{"line":275,"column":75}},"type":"if","locations":[{"start":{"line":275,"column":2},"end":{"line":275,"column":75}},{"start":{},"end":{}}],"line":275},"24":{"loc":{"start":{"line":276,"column":2},"end":{"line":276,"column":65}},"type":"if","locations":[{"start":{"line":276,"column":2},"end":{"line":276,"column":65}},{"start":{},"end":{}}],"line":276},"25":{"loc":{"start":{"line":278,"column":19},"end":{"line":278,"column":57}},"type":"binary-expr","locations":[{"start":{"line":278,"column":19},"end":{"line":278,"column":38}},{"start":{"line":278,"column":42},"end":{"line":278,"column":57}}],"line":278},"26":{"loc":{"start":{"line":283,"column":50},"end":{"line":283,"column":63}},"type":"binary-expr","locations":[{"start":{"line":283,"column":50},"end":{"line":283,"column":58}},{"start":{"line":283,"column":62},"end":{"line":283,"column":63}}],"line":283},"27":{"loc":{"start":{"line":283,"column":68},"end":{"line":283,"column":81}},"type":"binary-expr","locations":[{"start":{"line":283,"column":68},"end":{"line":283,"column":76}},{"start":{"line":283,"column":80},"end":{"line":283,"column":81}}],"line":283},"28":{"loc":{"start":{"line":292,"column":20},"end":{"line":292,"column":137}},"type":"binary-expr","locations":[{"start":{"line":292,"column":20},"end":{"line":292,"column":30}},{"start":{"line":292,"column":34},"end":{"line":292,"column":137}}],"line":292},"29":{"loc":{"start":{"line":292,"column":53},"end":{"line":292,"column":136}},"type":"binary-expr","locations":[{"start":{"line":292,"column":53},"end":{"line":292,"column":64}},{"start":{"line":292,"column":69},"end":{"line":292,"column":99}},{"start":{"line":292,"column":103},"end":{"line":292,"column":135}}],"line":292},"30":{"loc":{"start":{"line":297,"column":20},"end":{"line":297,"column":65}},"type":"if","locations":[{"start":{"line":297,"column":20},"end":{"line":297,"column":65}},{"start":{},"end":{}}],"line":297},"31":{"loc":{"start":{"line":300,"column":2},"end":{"line":302,"column":3}},"type":"if","locations":[{"start":{"line":300,"column":2},"end":{"line":302,"column":3}},{"start":{},"end":{}}],"line":300},"32":{"loc":{"start":{"line":300,"column":6},"end":{"line":300,"column":68}},"type":"binary-expr","locations":[{"start":{"line":300,"column":6},"end":{"line":300,"column":38}},{"start":{"line":300,"column":42},"end":{"line":300,"column":68}}],"line":300},"33":{"loc":{"start":{"line":306,"column":23},"end":{"line":308,"column":8}},"type":"cond-expr","locations":[{"start":{"line":307,"column":6},"end":{"line":307,"column":89}},{"start":{"line":308,"column":6},"end":{"line":308,"column":8}}],"line":306},"34":{"loc":{"start":{"line":309,"column":22},"end":{"line":309,"column":82}},"type":"cond-expr","locations":[{"start":{"line":309,"column":38},"end":{"line":309,"column":77}},{"start":{"line":309,"column":80},"end":{"line":309,"column":82}}],"line":309},"35":{"loc":{"start":{"line":310,"column":21},"end":{"line":310,"column":80}},"type":"cond-expr","locations":[{"start":{"line":310,"column":36},"end":{"line":310,"column":75}},{"start":{"line":310,"column":78},"end":{"line":310,"column":80}}],"line":310},"36":{"loc":{"start":{"line":311,"column":25},"end":{"line":311,"column":86}},"type":"cond-expr","locations":[{"start":{"line":311,"column":44},"end":{"line":311,"column":81}},{"start":{"line":311,"column":84},"end":{"line":311,"column":86}}],"line":311},"37":{"loc":{"start":{"line":312,"column":20},"end":{"line":320,"column":147}},"type":"cond-expr","locations":[{"start":{"line":312,"column":33},"end":{"line":320,"column":142}},{"start":{"line":320,"column":145},"end":{"line":320,"column":147}}],"line":312},"38":{"loc":{"start":{"line":320,"column":10},"end":{"line":320,"column":140}},"type":"cond-expr","locations":[{"start":{"line":320,"column":71},"end":{"line":320,"column":135}},{"start":{"line":320,"column":138},"end":{"line":320,"column":140}}],"line":320},"39":{"loc":{"start":{"line":320,"column":10},"end":{"line":320,"column":68}},"type":"binary-expr","locations":[{"start":{"line":320,"column":10},"end":{"line":320,"column":32}},{"start":{"line":320,"column":36},"end":{"line":320,"column":68}}],"line":320},"40":{"loc":{"start":{"line":322,"column":24},"end":{"line":351,"column":11}},"type":"cond-expr","locations":[{"start":{"line":322,"column":37},"end":{"line":351,"column":6}},{"start":{"line":351,"column":9},"end":{"line":351,"column":11}}],"line":322},"41":{"loc":{"start":{"line":357,"column":2},"end":{"line":357,"column":59}},"type":"cond-expr","locations":[{"start":{"line":357,"column":18},"end":{"line":357,"column":54}},{"start":{"line":357,"column":57},"end":{"line":357,"column":59}}],"line":357},"42":{"loc":{"start":{"line":358,"column":2},"end":{"line":358,"column":72}},"type":"cond-expr","locations":[{"start":{"line":358,"column":17},"end":{"line":358,"column":67}},{"start":{"line":358,"column":70},"end":{"line":358,"column":72}}],"line":358},"43":{"loc":{"start":{"line":359,"column":2},"end":{"line":359,"column":68}},"type":"cond-expr","locations":[{"start":{"line":359,"column":21},"end":{"line":359,"column":63}},{"start":{"line":359,"column":66},"end":{"line":359,"column":68}}],"line":359},"44":{"loc":{"start":{"line":360,"column":2},"end":{"line":360,"column":85}},"type":"cond-expr","locations":[{"start":{"line":360,"column":52},"end":{"line":360,"column":80}},{"start":{"line":360,"column":83},"end":{"line":360,"column":85}}],"line":360},"45":{"loc":{"start":{"line":360,"column":3},"end":{"line":360,"column":48}},"type":"binary-expr","locations":[{"start":{"line":360,"column":3},"end":{"line":360,"column":16}},{"start":{"line":360,"column":20},"end":{"line":360,"column":30}},{"start":{"line":360,"column":34},"end":{"line":360,"column":48}}],"line":360},"46":{"loc":{"start":{"line":361,"column":2},"end":{"line":361,"column":65}},"type":"cond-expr","locations":[{"start":{"line":361,"column":18},"end":{"line":361,"column":60}},{"start":{"line":361,"column":63},"end":{"line":361,"column":65}}],"line":361},"47":{"loc":{"start":{"line":362,"column":2},"end":{"line":362,"column":56}},"type":"cond-expr","locations":[{"start":{"line":362,"column":15},"end":{"line":362,"column":51}},{"start":{"line":362,"column":54},"end":{"line":362,"column":56}}],"line":362},"48":{"loc":{"start":{"line":364,"column":2},"end":{"line":364,"column":47}},"type":"cond-expr","locations":[{"start":{"line":364,"column":14},"end":{"line":364,"column":42}},{"start":{"line":364,"column":45},"end":{"line":364,"column":47}}],"line":364},"49":{"loc":{"start":{"line":365,"column":2},"end":{"line":365,"column":74}},"type":"cond-expr","locations":[{"start":{"line":365,"column":23},"end":{"line":365,"column":69}},{"start":{"line":365,"column":72},"end":{"line":365,"column":74}}],"line":365}},"s":{"0":3,"1":3,"2":3,"3":3,"4":33,"5":33,"6":7,"7":7,"8":1,"9":1,"10":1,"11":1,"12":1,"13":1,"14":1,"15":1,"16":0,"17":0,"18":0,"19":0,"20":0,"21":0,"22":0,"23":1,"24":1,"25":1,"26":1,"27":1,"28":1,"29":1,"30":1,"31":0,"32":0,"33":0,"34":0,"35":0,"36":0,"37":0,"38":0,"39":0,"40":11,"41":11,"42":11,"43":11,"44":11,"45":1,"46":1,"47":10,"48":1,"49":1,"50":1,"51":1,"52":9,"53":1,"54":1,"55":8,"56":1,"57":1,"58":1,"59":7,"60":0,"61":0,"62":7,"63":1,"64":6,"65":0,"66":6,"67":0,"68":6,"69":0,"70":6,"71":1,"72":5,"73":0,"74":5,"75":0,"76":5,"77":0,"78":5,"79":0,"80":5,"81":5,"82":3,"83":0,"84":3,"85":0,"86":3,"87":0,"88":3,"89":0,"90":3,"91":0,"92":3,"93":0,"94":3,"95":0,"96":3,"97":3,"98":0,"99":3,"100":0,"101":3,"102":3,"103":0,"104":0,"105":0,"106":0,"107":3,"108":0,"109":3,"110":3,"111":3,"112":3,"113":3,"114":3,"115":3,"116":3,"117":3},"f":{"0":33,"1":7,"2":1,"3":0,"4":1,"5":0,"6":0,"7":11,"8":3,"9":0,"10":0,"11":0,"12":0,"13":0,"14":0,"15":0,"16":0,"17":0,"18":0},"b":{"0":[33,2],"1":[7,2],"2":[1,0],"3":[1,0],"4":[0,0],"5":[1,0],"6":[0,0],"7":[11,0],"8":[9,2],"9":[1,1],"10":[11,9,0],"11":[1,10],"12":[1,9],"13":[1,8],"14":[1,7],"15":[0,7],"16":[1,6],"17":[0,6],"18":[0,6],"19":[0,6],"20":[1,5],"21":[0,5],"22":[0,5],"23":[0,5],"24":[0,5],"25":[5,0],"26":[0,0],"27":[0,0],"28":[3,3],"29":[0,0,0],"30":[0,0],"31":[0,3],"32":[3,0],"33":[0,3],"34":[0,3],"35":[0,3],"36":[0,3],"37":[0,3],"38":[0,0],"39":[0,0],"40":[0,3],"41":[0,3],"42":[0,3],"43":[0,3],"44":[0,3],"45":[3,3,3],"46":[0,3],"47":[0,3],"48":[0,3],"49":[0,3]},"_coverageSchema":"1a1c01bbd47fc00a2c39e90264f33305004495a9","hash":"b96ccf8fb8c8f78c603c1220a6959d41513068eb"}
,"C:\\Users\\mr_la\\WatchFace Builder\\lib\\generators\\permissions.js": {"path":"C:\\Users\\mr_la\\WatchFace Builder\\lib\\generators\\permissions.js","statementMap":{"0":{"start":{"line":3,"column":23},"end":{"line":32,"column":1}},"1":{"start":{"line":35,"column":16},"end":{"line":35,"column":25}},"2":{"start":{"line":36,"column":2},"end":{"line":42,"column":5}},"3":{"start":{"line":37,"column":17},"end":{"line":37,"column":43}},"4":{"start":{"line":39,"column":4},"end":{"line":41,"column":5}},"5":{"start":{"line":40,"column":6},"end":{"line":40,"column":22}},"6":{"start":{"line":44,"column":2},"end":{"line":44,"column":27}},"7":{"start":{"line":47,"column":0},"end":{"line":47,"column":60}}},"fnMap":{"0":{"name":"getRequiredPermissions","decl":{"start":{"line":34,"column":9},"end":{"line":34,"column":31}},"loc":{"start":{"line":34,"column":42},"end":{"line":45,"column":1}},"line":34},"1":{"name":"(anonymous_1)","decl":{"start":{"line":36,"column":19},"end":{"line":36,"column":20}},"loc":{"start":{"line":36,"column":25},"end":{"line":42,"column":3}},"line":36}},"branchMap":{"0":{"loc":{"start":{"line":39,"column":4},"end":{"line":41,"column":5}},"type":"if","locations":[{"start":{"line":39,"column":4},"end":{"line":41,"column":5}},{"start":{},"end":{}}],"line":39},"1":{"loc":{"start":{"line":39,"column":8},"end":{"line":39,"column":43}},"type":"binary-expr","locations":[{"start":{"line":39,"column":8},"end":{"line":39,"column":26}},{"start":{"line":39,"column":30},"end":{"line":39,"column":43}}],"line":39}},"s":{"0":3,"1":12,"2":12,"3":20,"4":20,"5":16,"6":12,"7":3},"f":{"0":12,"1":20},"b":{"0":[16,4],"1":[20,16]},"_coverageSchema":"1a1c01bbd47fc00a2c39e90264f33305004495a9","hash":"1290f8563c4290c2360a7a95f81d9784660419bd"}
,"C:\\Users\\mr_la\\WatchFace Builder\\lib\\generators\\strings.js": {"path":"C:\\Users\\mr_la\\WatchFace Builder\\lib\\generators\\strings.js","statementMap":{"0":{"start":{"line":4,"column":2},"end":{"line":8,"column":2}},"1":{"start":{"line":11,"column":0},"end":{"line":11,"column":37}}},"fnMap":{"0":{"name":"generateStrings","decl":{"start":{"line":3,"column":9},"end":{"line":3,"column":24}},"loc":{"start":{"line":3,"column":38},"end":{"line":9,"column":1}},"line":3}},"branchMap":{},"s":{"0":3,"1":2},"f":{"0":3},"b":{},"_coverageSchema":"1a1c01bbd47fc00a2c39e90264f33305004495a9","hash":"55fb4bde3e0eeadab12750dbe5a9e884b5d33170"}
}
