TN:
SF:lib\build.js
FN:23,buildProject
FN:94,(anonymous_1)
FN:95,(anonymous_2)
FNF:3
FNH:1
FNDA:5,buildProject
FNDA:0,(anonymous_1)
FNDA:0,(anonymous_2)
DA:4,2
DA:5,2
DA:6,2
DA:8,2
DA:9,2
DA:10,2
DA:11,2
DA:12,2
DA:25,5
DA:26,5
DA:29,5
DA:30,5
DA:33,5
DA:35,5
DA:36,5
DA:37,4
DA:39,2
DA:40,2
DA:44,3
DA:46,3
DA:49,3
DA:50,3
DA:51,3
DA:53,0
DA:54,0
DA:58,3
DA:59,2
DA:60,2
DA:69,1
DA:70,1
DA:71,1
DA:81,0
DA:82,0
DA:83,0
DA:85,0
DA:88,0
DA:89,0
DA:90,0
DA:94,0
DA:95,0
DA:96,0
DA:98,0
DA:102,0
DA:104,0
DA:105,0
DA:106,0
DA:108,0
DA:109,0
DA:110,0
DA:112,0
DA:113,0
DA:114,0
DA:116,0
DA:117,0
DA:118,0
DA:120,0
DA:121,0
DA:122,0
DA:124,0
DA:125,0
DA:128,0
DA:129,0
DA:132,0
DA:136,0
DA:137,0
DA:138,0
DA:139,0
DA:140,0
DA:141,0
DA:143,0
DA:144,0
DA:147,0
DA:148,0
DA:160,2
LF:74
LH:30
BRDA:23,0,0,5
BRDA:25,1,0,5
BRDA:25,1,1,0
BRDA:58,2,0,2
BRDA:58,2,1,1
BRDA:69,3,0,1
BRDA:69,3,1,0
BRDA:89,4,0,0
BRDA:89,4,1,0
BRDA:90,5,0,0
BRDA:90,5,1,0
BRDA:98,6,0,0
BRDA:98,6,1,0
BRDA:102,7,0,0
BRDA:102,7,1,0
BRDA:106,8,0,0
BRDA:106,8,1,0
BRDA:110,9,0,0
BRDA:110,9,1,0
BRDA:114,10,0,0
BRDA:114,10,1,0
BRDA:114,11,0,0
BRDA:114,11,1,0
BRDA:118,12,0,0
BRDA:118,12,1,0
BRDA:122,13,0,0
BRDA:122,13,1,0
BRF:27
BRH:5
end_of_record
TN:
SF:lib\config.js
FN:15,scanForLatestSdk
FN:21,(anonymous_1)
FN:22,(anonymous_2)
FN:43,getDefaultSdkBasePath
FN:80,getDefaultDevKeyPath
FN:90,getDefaultExportDir
FN:107,getDefaultTempDir
FN:131,getConfig
FN:133,(anonymous_8)
FNF:9
FNH:9
FNDA:14,scanForLatestSdk
FNDA:20,(anonymous_1)
FNDA:10,(anonymous_2)
FNDA:14,getDefaultSdkBasePath
FNDA:20,getDefaultDevKeyPath
FNDA:24,getDefaultExportDir
FNDA:24,getDefaultTempDir
FNDA:22,getConfig
FNDA:66,(anonymous_8)
DA:4,1
DA:5,1
DA:6,1
DA:16,14
DA:17,14
DA:19,10
DA:20,10
DA:21,20
DA:22,10
DA:24,10
DA:26,10
DA:27,10
DA:28,10
DA:33,0
DA:44,14
DA:45,14
DA:47,14
DA:49,12
DA:50,2
DA:52,1
DA:55,1
DA:58,1
DA:59,1
DA:62,1
DA:63,0
DA:66,1
DA:70,13
DA:71,13
DA:81,20
DA:91,24
DA:93,24
DA:95,22
DA:98,2
DA:108,24
DA:110,24
DA:112,20
DA:115,4
DA:133,22
DA:135,66
DA:136,8
DA:140,58
DA:141,58
DA:142,6
DA:146,52
DA:147,5
DA:148,5
DA:149,3
DA:154,49
DA:157,22
DA:158,22
DA:159,22
DA:160,22
DA:163,22
DA:164,22
DA:165,22
DA:167,22
DA:178,1
LF:57
LH:55
BRDA:17,0,0,4
BRDA:17,0,1,10
BRDA:24,1,0,0
BRDA:24,1,1,10
BRDA:27,2,0,10
BRDA:27,2,1,0
BRDA:47,3,0,12
BRDA:47,3,1,2
BRDA:49,4,0,12
BRDA:49,4,1,1
BRDA:50,5,0,1
BRDA:50,5,1,1
BRDA:59,6,0,0
BRDA:59,6,1,1
BRDA:62,7,0,0
BRDA:62,7,1,1
BRDA:71,8,0,13
BRDA:71,8,1,3
BRDA:93,9,0,22
BRDA:93,9,1,2
BRDA:93,10,0,24
BRDA:93,10,1,4
BRDA:110,11,0,20
BRDA:110,11,1,4
BRDA:112,12,0,20
BRDA:112,12,1,0
BRDA:131,13,0,0
BRDA:131,14,0,15
BRDA:135,15,0,8
BRDA:135,15,1,58
BRDA:141,16,0,6
BRDA:141,16,1,52
BRDA:146,17,0,5
BRDA:146,17,1,47
BRDA:148,18,0,3
BRDA:148,18,1,2
BRDA:160,19,0,22
BRDA:160,19,1,22
BRDA:160,19,2,21
BRDA:164,20,0,20
BRDA:164,20,1,2
BRDA:165,21,0,20
BRDA:165,21,1,2
BRF:43
BRH:37
end_of_record
TN:
SF:lib\design-store.js
FN:21,saveDesign
FN:81,listDesigns
FN:87,(anonymous_2)
FN:88,(anonymous_3)
FN:121,loadDesign
FNF:5
FNH:5
FNDA:14,saveDesign
FNDA:5,listDesigns
FNDA:6,(anonymous_2)
FNDA:6,(anonymous_3)
FNDA:9,loadDesign
DA:4,2
DA:5,2
DA:7,2
DA:8,2
DA:9,2
DA:23,14
DA:24,13
DA:27,12
DA:28,12
DA:31,0
DA:32,0
DA:33,0
DA:38,12
DA:39,12
DA:40,12
DA:41,12
DA:43,12
DA:50,12
DA:53,12
DA:55,12
DA:57,12
DA:65,0
DA:66,0
DA:67,0
DA:70,0
DA:71,0
DA:82,5
DA:83,5
DA:84,1
DA:87,6
DA:88,4
DA:89,6
DA:90,6
DA:91,6
DA:92,6
DA:99,0
DA:100,0
DA:104,4
DA:105,4
DA:107,0
DA:108,0
DA:122,9
DA:124,9
DA:126,9
DA:129,9
DA:130,9
DA:131,9
DA:132,0
DA:135,9
DA:136,2
DA:137,2
DA:142,7
DA:143,7
DA:145,1
DA:146,1
DA:150,6
DA:151,1
DA:155,5
DA:156,5
DA:157,1
DA:161,4
DA:162,2
DA:163,2
DA:165,1
DA:170,3
DA:171,1
DA:172,1
DA:176,2
DA:178,2
DA:184,7
DA:185,7
DA:189,2
LF:72
LH:59
BRDA:31,0,0,0
BRDA:31,0,1,0
BRDA:83,1,0,1
BRDA:83,1,1,4
BRDA:93,2,0,6
BRDA:93,2,1,0
BRDA:95,3,0,6
BRDA:95,3,1,0
BRDA:96,4,0,6
BRDA:96,4,1,0
BRDA:131,5,0,0
BRDA:131,5,1,9
BRDA:135,6,0,2
BRDA:135,6,1,7
BRDA:150,7,0,1
BRDA:150,7,1,5
BRDA:150,8,0,6
BRDA:150,8,1,6
BRDA:150,8,2,6
BRDA:155,9,0,5
BRDA:155,9,1,0
BRDA:156,10,0,1
BRDA:156,10,1,4
BRDA:161,11,0,2
BRDA:161,11,1,2
BRDA:170,12,0,1
BRDA:170,12,1,2
BRDA:171,13,0,1
BRDA:171,13,1,0
BRDA:171,14,0,1
BRDA:171,14,1,1
BRF:31
BRH:23
end_of_record
TN:
SF:lib\icon-generator.js
FN:6,(anonymous_0)
FN:19,generate54x54Icon
FN:70,makeChunk
FN:83,computeCrc32
FNF:4
FNH:4
FNDA:2,(anonymous_0)
FNDA:3,generate54x54Icon
FNDA:9,makeChunk
FNDA:9,computeCrc32
DA:1,2
DA:3,2
DA:6,2
DA:7,2
DA:8,2
DA:9,512
DA:10,512
DA:11,4096
DA:13,512
DA:15,2
DA:20,3
DA:21,3
DA:22,3
DA:23,3
DA:24,3
DA:27,3
DA:28,3
DA:30,3
DA:31,162
DA:32,162
DA:33,8748
DA:34,8748
DA:35,8748
DA:39,3
DA:42,3
DA:45,3
DA:46,3
DA:47,3
DA:48,3
DA:49,3
DA:50,3
DA:51,3
DA:52,3
DA:53,3
DA:56,3
DA:59,3
DA:62,3
DA:67,3
DA:71,9
DA:72,9
DA:73,9
DA:75,9
DA:76,9
DA:77,9
DA:78,9
DA:80,9
DA:84,9
DA:85,9
DA:86,306
DA:88,9
DA:91,2
LF:51
LH:51
BRDA:11,0,0,2048
BRDA:11,0,1,2048
BRF:2
BRH:2
end_of_record
TN:
SF:lib\keygen.js
FN:12,getDefaultKeyPath
FN:24,generateKey
FN:25,(anonymous_2)
FN:59,(anonymous_3)
FN:73,(anonymous_4)
FN:102,(anonymous_5)
FN:104,(anonymous_6)
FN:108,(anonymous_7)
FN:127,validateKeyFile
FNF:9
FNH:9
FNDA:2,getDefaultKeyPath
FNDA:3,generateKey
FNDA:3,(anonymous_2)
FNDA:3,(anonymous_3)
FNDA:1,(anonymous_4)
FNDA:3,(anonymous_5)
FNDA:2,(anonymous_6)
FNDA:2,(anonymous_7)
FNDA:8,validateKeyFile
DA:5,1
DA:6,1
DA:7,1
DA:8,1
DA:13,2
DA:25,3
DA:27,3
DA:28,3
DA:31,3
DA:32,3
DA:34,0
DA:35,0
DA:37,0
DA:39,0
DA:43,3
DA:44,3
DA:45,0
DA:46,0
DA:47,0
DA:50,3
DA:51,0
DA:52,0
DA:58,3
DA:60,3
DA:74,1
DA:75,0
DA:76,0
DA:80,1
DA:81,1
DA:83,0
DA:84,0
DA:86,0
DA:88,0
DA:92,1
DA:93,1
DA:94,0
DA:95,0
DA:98,1
DA:103,3
DA:104,2
DA:110,2
DA:111,2
DA:112,1
DA:117,2
DA:129,8
DA:130,1
DA:135,7
DA:136,7
DA:138,0
DA:142,7
DA:143,2
DA:148,5
DA:149,1
DA:155,4
DA:156,4
DA:158,4
DA:159,0
DA:162,4
DA:163,4
DA:164,1
DA:167,3
DA:170,1
LF:62
LH:43
BRDA:34,0,0,0
BRDA:34,0,1,0
BRDA:45,1,0,0
BRDA:45,1,1,0
BRDA:50,2,0,0
BRDA:50,2,1,3
BRDA:74,3,0,0
BRDA:74,3,1,1
BRDA:83,4,0,0
BRDA:83,4,1,0
BRDA:93,5,0,0
BRDA:93,5,1,1
BRDA:111,6,0,1
BRDA:111,6,1,1
BRDA:129,7,0,1
BRDA:129,7,1,7
BRDA:142,8,0,2
BRDA:142,8,1,5
BRDA:142,9,0,7
BRDA:142,9,1,6
BRDA:148,10,0,1
BRDA:148,10,1,4
BRDA:158,11,0,0
BRDA:158,11,1,4
BRDA:163,12,0,1
BRDA:163,12,1,3
BRF:26
BRH:16
end_of_record
TN:
SF:lib\logger.js
FN:4,redactSensitiveFields
FN:8,(anonymous_1)
FN:17,log
FN:23,logInfo
FN:27,logError
FN:31,logWarn
FNF:6
FNH:6
FNDA:72,redactSensitiveFields
FNDA:648,(anonymous_1)
FNDA:72,log
FNDA:46,logInfo
FNDA:18,logError
FNDA:3,logWarn
DA:5,72
DA:6,72
DA:8,72
DA:9,648
DA:10,20
DA:14,72
DA:18,72
DA:19,72
DA:20,72
DA:24,46
DA:28,18
DA:32,3
DA:35,5
LF:13
LH:13
BRDA:9,0,0,20
BRDA:9,0,1,628
BRDA:17,1,0,2
BRDA:23,2,0,1
BRDA:27,3,0,1
BRDA:31,4,0,1
BRF:6
BRH:6
end_of_record
TN:
SF:lib\naming.js
FN:3,safePrgName
FNF:1
FNH:1
FNDA:28,safePrgName
DA:4,28
DA:10,4
LF:2
LH:2
BRDA:4,0,0,28
BRDA:4,0,1,0
BRDA:4,1,0,28
BRDA:4,1,1,3
BRF:4
BRH:3
end_of_record
TN:
SF:lib\preview.js
FN:17,isSimulatorRunning
FN:18,(anonymous_1)
FN:26,(anonymous_2)
FN:39,launchSimulator
FN:44,(anonymous_4)
FN:66,previewInSimulator
FN:79,(anonymous_6)
FN:88,(anonymous_7)
FN:89,(anonymous_8)
FN:114,(anonymous_9)
FNF:10
FNH:3
FNDA:1,isSimulatorRunning
FNDA:1,(anonymous_1)
FNDA:0,(anonymous_2)
FNDA:0,launchSimulator
FNDA:0,(anonymous_4)
FNDA:2,previewInSimulator
FNDA:0,(anonymous_6)
FNDA:0,(anonymous_7)
FNDA:0,(anonymous_8)
FNDA:0,(anonymous_9)
DA:4,1
DA:5,1
DA:6,1
DA:8,1
DA:9,1
DA:18,1
DA:19,1
DA:22,0
DA:23,0
DA:26,1
DA:27,0
DA:28,0
DA:40,0
DA:41,0
DA:42,0
DA:44,0
DA:45,0
DA:47,0
DA:49,0
DA:68,2
DA:69,1
DA:70,1
DA:74,2
DA:75,2
DA:79,2
DA:80,0
DA:82,0
DA:83,0
DA:84,0
DA:88,0
DA:89,0
DA:93,0
DA:94,0
DA:96,0
DA:97,0
DA:98,0
DA:99,0
DA:101,0
DA:105,0
DA:106,0
DA:108,0
DA:109,0
DA:110,0
DA:114,0
DA:115,0
DA:117,0
DA:121,0
DA:122,0
DA:123,0
DA:124,0
DA:125,0
DA:126,0
DA:127,0
DA:128,0
DA:129,0
DA:131,0
DA:132,0
DA:135,0
DA:137,0
DA:141,0
DA:142,0
DA:147,1
LF:62
LH:15
BRDA:19,0,0,0
BRDA:19,0,1,1
BRDA:27,1,0,0
BRDA:27,1,1,0
BRDA:66,2,0,1
BRDA:66,3,0,2
BRDA:68,4,0,1
BRDA:68,4,1,1
BRDA:74,5,0,2
BRDA:74,5,1,0
BRDA:83,6,0,0
BRDA:83,6,1,0
BRDA:105,7,0,0
BRDA:105,7,1,0
BRDA:109,8,0,0
BRDA:109,8,1,0
BRDA:110,9,0,0
BRDA:110,9,1,0
BRDA:117,10,0,0
BRDA:117,10,1,0
BRDA:121,11,0,0
BRDA:121,11,1,0
BRDA:124,12,0,0
BRDA:124,12,1,0
BRDA:127,13,0,0
BRDA:127,13,1,0
BRDA:135,14,0,0
BRDA:135,14,1,0
BRDA:142,15,0,0
BRDA:142,15,1,0
BRF:30
BRH:6
end_of_record
TN:
SF:lib\queue.js
FN:13,(anonymous_0)
FN:28,(anonymous_1)
FN:29,(anonymous_2)
FN:41,(anonymous_3)
FN:76,(anonymous_4)
FNF:5
FNH:5
FNDA:6,(anonymous_0)
FNDA:6,(anonymous_1)
FNDA:6,(anonymous_2)
FNDA:12,(anonymous_3)
FNDA:1,(anonymous_4)
DA:4,1
DA:14,6
DA:15,6
DA:16,6
DA:29,6
DA:31,6
DA:33,6
DA:43,12
DA:44,2
DA:48,10
DA:49,4
DA:53,6
DA:54,6
DA:56,6
DA:57,6
DA:58,6
DA:59,5
DA:60,5
DA:62,1
DA:63,1
DA:66,6
DA:67,6
DA:77,1
DA:86,1
DA:87,1
DA:89,1
LF:26
LH:26
BRDA:13,0,0,0
BRDA:28,1,0,4
BRDA:43,2,0,2
BRDA:43,2,1,10
BRDA:48,3,0,4
BRDA:48,3,1,6
BRF:6
BRH:5
end_of_record
TN:
SF:lib\simulator.js
FN:6,waitForSimulator
FN:12,(anonymous_1)
FN:23,(anonymous_2)
FN:24,(anonymous_3)
FNF:4
FNH:0
FNDA:0,waitForSimulator
FNDA:0,(anonymous_1)
FNDA:0,(anonymous_2)
FNDA:0,(anonymous_3)
DA:3,1
DA:4,1
DA:7,0
DA:9,0
DA:10,0
DA:12,0
DA:13,0
DA:14,0
DA:15,0
DA:16,0
DA:18,0
DA:23,0
DA:24,0
DA:26,0
DA:27,0
DA:29,0
DA:30,0
DA:31,0
DA:33,0
DA:34,0
DA:36,0
DA:39,0
DA:40,0
DA:41,0
DA:42,0
DA:43,0
DA:44,0
DA:46,0
DA:47,0
DA:52,0
DA:55,1
LF:31
LH:3
BRDA:7,0,0,0
BRDA:7,0,1,0
BRDA:12,1,0,0
BRDA:13,2,0,0
BRDA:13,2,1,0
BRDA:15,3,0,0
BRDA:15,3,1,0
BRDA:26,4,0,0
BRDA:26,4,1,0
BRDA:29,5,0,0
BRDA:29,5,1,0
BRDA:39,6,0,0
BRDA:39,6,1,0
BRDA:39,7,0,0
BRDA:39,7,1,0
BRDA:42,8,0,0
BRDA:42,8,1,0
BRF:17
BRH:0
end_of_record
TN:
SF:lib\validation.js
FN:25,validateProjectName
FN:35,validateColor
FN:45,validateElement
FN:97,validateElements
FN:104,(anonymous_4)
FNF:5
FNH:5
FNDA:28,validateProjectName
FNDA:30,validateColor
FNDA:27,validateElement
FNDA:26,validateElements
FNDA:13,(anonymous_4)
DA:3,4
DA:8,4
DA:22,4
DA:23,4
DA:26,28
DA:27,6
DA:29,22
DA:30,1
DA:32,21
DA:36,30
DA:37,2
DA:39,28
DA:40,14
DA:42,14
DA:46,27
DA:47,0
DA:51,27
DA:52,6
DA:54,21
DA:55,1
DA:57,20
DA:58,1
DA:62,19
DA:63,1
DA:65,18
DA:66,1
DA:68,17
DA:69,1
DA:71,16
DA:72,1
DA:76,15
DA:77,1
DA:79,14
DA:80,4
DA:84,13
DA:85,13
DA:86,1
DA:90,12
DA:91,1
DA:94,11
DA:98,26
DA:99,2
DA:101,24
DA:102,1
DA:104,23
DA:105,19
DA:108,4
LF:47
LH:46
BRDA:26,0,0,6
BRDA:26,0,1,22
BRDA:26,1,0,28
BRDA:26,1,1,26
BRDA:29,2,0,1
BRDA:29,2,1,21
BRDA:36,3,0,2
BRDA:36,3,1,28
BRDA:39,4,0,14
BRDA:39,4,1,14
BRDA:46,5,0,0
BRDA:46,5,1,27
BRDA:46,6,0,27
BRDA:46,6,1,27
BRDA:51,7,0,6
BRDA:51,7,1,21
BRDA:51,8,0,27
BRDA:51,8,1,22
BRDA:54,9,0,1
BRDA:54,9,1,20
BRDA:57,10,0,1
BRDA:57,10,1,19
BRDA:62,11,0,1
BRDA:62,11,1,18
BRDA:62,12,0,19
BRDA:62,12,1,19
BRDA:62,12,2,18
BRDA:65,13,0,1
BRDA:65,13,1,17
BRDA:65,14,0,18
BRDA:65,14,1,18
BRDA:65,14,2,18
BRDA:68,15,0,1
BRDA:68,15,1,16
BRDA:68,16,0,17
BRDA:68,16,1,17
BRDA:68,16,2,16
BRDA:71,17,0,1
BRDA:71,17,1,15
BRDA:71,18,0,16
BRDA:71,18,1,16
BRDA:71,18,2,16
BRDA:76,19,0,1
BRDA:76,19,1,14
BRDA:76,20,0,15
BRDA:76,20,1,5
BRDA:79,21,0,4
BRDA:79,21,1,10
BRDA:85,22,0,1
BRDA:85,22,1,12
BRDA:85,23,0,13
BRDA:85,23,1,3
BRDA:90,24,0,1
BRDA:90,24,1,11
BRDA:90,25,0,12
BRDA:90,25,1,12
BRDA:98,26,0,2
BRDA:98,26,1,24
BRDA:101,27,0,1
BRDA:101,27,1,23
BRF:60
BRH:59
end_of_record
TN:
SF:lib\generators\jungle.js
FN:3,generateJungle
FNF:1
FNH:1
FNDA:3,generateJungle
DA:4,3
DA:14,2
LF:2
LH:2
BRF:0
BRH:0
end_of_record
TN:
SF:lib\generators\layout.js
FN:3,generateLayout
FNF:1
FNH:1
FNDA:3,generateLayout
DA:4,3
DA:10,2
LF:2
LH:2
BRF:0
BRH:0
end_of_record
TN:
SF:lib\generators\manifest.js
FN:3,generateManifest
FN:5,(anonymous_1)
FNF:2
FNH:2
FNDA:14,generateManifest
FNDA:5,(anonymous_1)
DA:4,14
DA:5,14
DA:6,14
DA:10,14
DA:26,3
LF:5
LH:5
BRDA:6,0,0,2
BRDA:6,0,1,12
BRF:2
BRH:2
end_of_record
TN:
SF:lib\generators\monkeyc.js
FN:8,colorLiteral
FN:13,generateDataFetch
FN:78,generateTickCode
FN:112,generateTickDotsCode
FN:126,generateAnalogHandCode
FN:145,generateAnalogCenterCode
FN:152,generateHRGraphCode
FN:176,generateDrawCall
FN:282,generateMonkeyC
FN:283,(anonymous_9)
FN:284,(anonymous_10)
FN:286,(anonymous_11)
FN:287,(anonymous_12)
FN:288,(anonymous_13)
FN:289,(anonymous_14)
FN:290,(anonymous_15)
FN:292,(anonymous_16)
FN:293,(anonymous_17)
FN:297,(anonymous_18)
FNF:19
FNH:6
FNDA:33,colorLiteral
FNDA:7,generateDataFetch
FNDA:1,generateTickCode
FNDA:0,generateTickDotsCode
FNDA:1,generateAnalogHandCode
FNDA:0,generateAnalogCenterCode
FNDA:0,generateHRGraphCode
FNDA:11,generateDrawCall
FNDA:3,generateMonkeyC
FNDA:0,(anonymous_9)
FNDA:0,(anonymous_10)
FNDA:0,(anonymous_11)
FNDA:0,(anonymous_12)
FNDA:0,(anonymous_13)
FNDA:0,(anonymous_14)
FNDA:0,(anonymous_15)
FNDA:0,(anonymous_16)
FNDA:0,(anonymous_17)
FNDA:0,(anonymous_18)
DA:3,3
DA:4,3
DA:5,3
DA:6,3
DA:9,33
DA:10,33
DA:14,7
DA:75,7
DA:79,1
DA:80,1
DA:81,1
DA:82,1
DA:83,1
DA:85,1
DA:86,1
DA:98,0
DA:113,0
DA:114,0
DA:115,0
DA:116,0
DA:117,0
DA:127,1
DA:128,1
DA:129,1
DA:130,1
DA:131,1
DA:135,1
DA:146,0
DA:147,0
DA:148,0
DA:153,0
DA:154,0
DA:155,0
DA:156,0
DA:177,11
DA:178,11
DA:179,11
DA:183,11
DA:234,11
DA:235,1
DA:236,1
DA:241,10
DA:242,1
DA:243,1
DA:244,1
DA:245,1
DA:256,9
DA:257,1
DA:258,1
DA:260,8
DA:261,1
DA:262,1
DA:264,7
DA:265,0
DA:266,0
DA:268,7
DA:269,6
DA:270,6
DA:271,6
DA:272,6
DA:273,5
DA:274,5
DA:275,5
DA:276,5
DA:278,5
DA:279,5
DA:283,3
DA:284,3
DA:286,3
DA:287,3
DA:288,3
DA:289,3
DA:290,3
DA:291,3
DA:292,3
DA:293,3
DA:295,3
DA:296,3
DA:297,0
DA:300,3
DA:301,0
DA:304,3
DA:306,3
DA:309,3
DA:310,3
DA:311,3
DA:312,3
DA:322,3
DA:353,3
DA:431,3
LF:90
LH:73
BRDA:9,0,0,33
BRDA:9,0,1,2
BRDA:75,1,0,7
BRDA:75,1,1,2
BRDA:85,2,0,1
BRDA:85,2,1,0
BRDA:130,3,0,1
BRDA:130,3,1,0
BRDA:130,4,0,0
BRDA:130,4,1,0
BRDA:131,5,0,1
BRDA:131,5,1,0
BRDA:132,6,0,0
BRDA:132,6,1,0
BRDA:178,7,0,11
BRDA:178,7,1,0
BRDA:179,8,0,9
BRDA:179,8,1,2
BRDA:180,9,0,1
BRDA:180,9,1,1
BRDA:231,10,0,11
BRDA:231,10,1,9
BRDA:231,10,2,0
BRDA:234,11,0,1
BRDA:234,11,1,10
BRDA:241,12,0,1
BRDA:241,12,1,9
BRDA:256,13,0,1
BRDA:256,13,1,8
BRDA:260,14,0,1
BRDA:260,14,1,7
BRDA:264,15,0,0
BRDA:264,15,1,7
BRDA:268,16,0,1
BRDA:268,16,1,6
BRDA:269,17,0,0
BRDA:269,17,1,6
BRDA:270,18,0,0
BRDA:270,18,1,6
BRDA:271,19,0,0
BRDA:271,19,1,6
BRDA:272,20,0,1
BRDA:272,20,1,5
BRDA:273,21,0,0
BRDA:273,21,1,5
BRDA:274,22,0,0
BRDA:274,22,1,5
BRDA:275,23,0,0
BRDA:275,23,1,5
BRDA:276,24,0,0
BRDA:276,24,1,5
BRDA:278,25,0,5
BRDA:278,25,1,0
BRDA:283,26,0,0
BRDA:283,26,1,0
BRDA:283,27,0,0
BRDA:283,27,1,0
BRDA:292,28,0,3
BRDA:292,28,1,3
BRDA:292,29,0,0
BRDA:292,29,1,0
BRDA:292,29,2,0
BRDA:297,30,0,0
BRDA:297,30,1,0
BRDA:300,31,0,0
BRDA:300,31,1,3
BRDA:300,32,0,3
BRDA:300,32,1,0
BRDA:306,33,0,0
BRDA:306,33,1,3
BRDA:309,34,0,0
BRDA:309,34,1,3
BRDA:310,35,0,0
BRDA:310,35,1,3
BRDA:311,36,0,0
BRDA:311,36,1,3
BRDA:312,37,0,0
BRDA:312,37,1,3
BRDA:320,38,0,0
BRDA:320,38,1,0
BRDA:320,39,0,0
BRDA:320,39,1,0
BRDA:322,40,0,0
BRDA:322,40,1,3
BRDA:357,41,0,0
BRDA:357,41,1,3
BRDA:358,42,0,0
BRDA:358,42,1,3
BRDA:359,43,0,0
BRDA:359,43,1,3
BRDA:360,44,0,0
BRDA:360,44,1,3
BRDA:360,45,0,3
BRDA:360,45,1,3
BRDA:360,45,2,3
BRDA:361,46,0,0
BRDA:361,46,1,3
BRDA:362,47,0,0
BRDA:362,47,1,3
BRDA:364,48,0,0
BRDA:364,48,1,3
BRDA:365,49,0,0
BRDA:365,49,1,3
BRF:103
BRH:56
end_of_record
TN:
SF:lib\generators\permissions.js
FN:34,getRequiredPermissions
FN:36,(anonymous_1)
FNF:2
FNH:2
FNDA:12,getRequiredPermissions
FNDA:20,(anonymous_1)
DA:3,3
DA:35,12
DA:36,12
DA:37,20
DA:39,20
DA:40,16
DA:44,12
DA:47,3
LF:8
LH:8
BRDA:39,0,0,16
BRDA:39,0,1,4
BRDA:39,1,0,20
BRDA:39,1,1,16
BRF:4
BRH:4
end_of_record
TN:
SF:lib\generators\strings.js
FN:3,generateStrings
FNF:1
FNH:1
FNDA:3,generateStrings
DA:4,3
DA:11,2
LF:2
LH:2
BRF:0
BRH:0
end_of_record
